{"D:\\Project\\Sentinel\\Back-End\\src\\index.ts": {"path":"D:\\Project\\Sentinel\\Back-End\\src\\index.ts","statementMap":{"0":{"start":{"line":8,"column":13},"end":{"line":8,"column":null}},"1":{"start":{"line":9,"column":13},"end":{"line":9,"column":null}},"2":{"start":{"line":11,"column":15},"end":{"line":11,"column":null}},"3":{"start":{"line":14,"column":21},"end":{"line":14,"column":null}},"4":{"start":{"line":15,"column":0},"end":{"line":15,"column":null}},"5":{"start":{"line":18,"column":0},"end":{"line":25,"column":null}},"6":{"start":{"line":19,"column":2},"end":{"line":23,"column":null}},"7":{"start":{"line":20,"column":4},"end":{"line":20,"column":null}},"8":{"start":{"line":22,"column":4},"end":{"line":22,"column":null}},"9":{"start":{"line":24,"column":2},"end":{"line":24,"column":null}},"10":{"start":{"line":28,"column":0},"end":{"line":44,"column":null}},"11":{"start":{"line":29,"column":18},"end":{"line":29,"column":null}},"12":{"start":{"line":31,"column":2},"end":{"line":31,"column":null}},"13":{"start":{"line":32,"column":2},"end":{"line":32,"column":null}},"14":{"start":{"line":33,"column":2},"end":{"line":33,"column":null}},"15":{"start":{"line":34,"column":2},"end":{"line":34,"column":null}},"16":{"start":{"line":37,"column":2},"end":{"line":43,"column":null}},"17":{"start":{"line":38,"column":4},"end":{"line":38,"column":null}},"18":{"start":{"line":39,"column":4},"end":{"line":39,"column":null}},"19":{"start":{"line":40,"column":4},"end":{"line":40,"column":null}},"20":{"start":{"line":42,"column":4},"end":{"line":42,"column":null}}},"fnMap":{"0":{"name":"(anonymous_0)","decl":{"start":{"line":18,"column":19},"end":{"line":18,"column":20}},"loc":{"start":{"line":18,"column":53},"end":{"line":25,"column":1}},"line":18},"1":{"name":"(anonymous_1)","decl":{"start":{"line":28,"column":26},"end":{"line":28,"column":32}},"loc":{"start":{"line":28,"column":32},"end":{"line":44,"column":1}},"line":28}},"branchMap":{"0":{"loc":{"start":{"line":8,"column":20},"end":{"line":8,"column":44}},"type":"binary-expr","locations":[{"start":{"line":8,"column":20},"end":{"line":8,"column":40}},{"start":{"line":8,"column":40},"end":{"line":8,"column":44}}],"line":8},"1":{"loc":{"start":{"line":9,"column":13},"end":{"line":9,"column":null}},"type":"binary-expr","locations":[{"start":{"line":9,"column":13},"end":{"line":9,"column":44}},{"start":{"line":9,"column":44},"end":{"line":9,"column":null}}],"line":9},"2":{"loc":{"start":{"line":19,"column":2},"end":{"line":23,"column":null}},"type":"if","locations":[{"start":{"line":19,"column":2},"end":{"line":23,"column":null}},{"start":{"line":21,"column":9},"end":{"line":23,"column":null}}],"line":19},"3":{"loc":{"start":{"line":29,"column":28},"end":{"line":29,"column":67}},"type":"cond-expr","locations":[{"start":{"line":29,"column":49},"end":{"line":29,"column":63}},{"start":{"line":29,"column":63},"end":{"line":29,"column":67}}],"line":29}},"s":{"0":0,"1":0,"2":0,"3":0,"4":0,"5":0,"6":0,"7":0,"8":0,"9":0,"10":0,"11":0,"12":0,"13":0,"14":0,"15":0,"16":0,"17":0,"18":0,"19":0,"20":0},"f":{"0":0,"1":0},"b":{"0":[0,0],"1":[0,0],"2":[0,0],"3":[0,0]},"meta":{"lastBranch":4,"lastFunction":2,"lastStatement":21,"seen":{"s:8:13:8:Infinity":0,"b:8:20:8:40:8:40:8:44":0,"s:9:13:9:Infinity":1,"b:9:13:9:44:9:44:9:Infinity":1,"s:11:15:11:Infinity":2,"s:14:21:14:Infinity":3,"s:15:0:15:Infinity":4,"s:18:0:25:Infinity":5,"f:18:19:18:20":0,"b:19:2:23:Infinity:21:9:23:Infinity":2,"s:19:2:23:Infinity":6,"s:20:4:20:Infinity":7,"s:22:4:22:Infinity":8,"s:24:2:24:Infinity":9,"s:28:0:44:Infinity":10,"f:28:26:28:32":1,"s:29:18:29:Infinity":11,"b:29:49:29:63:29:63:29:67":3,"s:31:2:31:Infinity":12,"s:32:2:32:Infinity":13,"s:33:2:33:Infinity":14,"s:34:2:34:Infinity":15,"s:37:2:43:Infinity":16,"s:38:4:38:Infinity":17,"s:39:4:39:Infinity":18,"s:40:4:40:Infinity":19,"s:42:4:42:Infinity":20}}}
,"D:\\Project\\Sentinel\\Back-End\\src\\scheduler.ts": {"path":"D:\\Project\\Sentinel\\Back-End\\src\\scheduler.ts","statementMap":{"0":{"start":{"line":12,"column":2},"end":{"line":12,"column":null}},"1":{"start":{"line":13,"column":2},"end":{"line":13,"column":null}},"2":{"start":{"line":14,"column":2},"end":{"line":14,"column":null}},"3":{"start":{"line":15,"column":2},"end":{"line":15,"column":null}},"4":{"start":{"line":16,"column":2},"end":{"line":16,"column":null}},"5":{"start":{"line":17,"column":2},"end":{"line":17,"column":null}},"6":{"start":{"line":18,"column":2},"end":{"line":18,"column":null}}},"fnMap":{"0":{"name":"initializeCronJobs","decl":{"start":{"line":11,"column":16},"end":{"line":11,"column":37}},"loc":{"start":{"line":11,"column":37},"end":{"line":19,"column":null}},"line":11}},"branchMap":{},"s":{"0":0,"1":0,"2":0,"3":0,"4":0,"5":0,"6":0},"f":{"0":0},"b":{},"meta":{"lastBranch":0,"lastFunction":1,"lastStatement":7,"seen":{"f:11:16:11:37":0,"s:12:2:12:Infinity":0,"s:13:2:13:Infinity":1,"s:14:2:14:Infinity":2,"s:15:2:15:Infinity":3,"s:16:2:16:Infinity":4,"s:17:2:17:Infinity":5,"s:18:2:18:Infinity":6}}}
,"D:\\Project\\Sentinel\\Back-End\\src\\socket-instance.ts": {"path":"D:\\Project\\Sentinel\\Back-End\\src\\socket-instance.ts","statementMap":{},"fnMap":{},"branchMap":{},"s":{},"f":{},"b":{},"meta":{"lastBranch":0,"lastFunction":0,"lastStatement":0,"seen":{}}}
,"D:\\Project\\Sentinel\\Back-End\\src\\configs\\app.ts": {"path":"D:\\Project\\Sentinel\\Back-End\\src\\configs\\app.ts","statementMap":{"0":{"start":{"line":8,"column":13},"end":{"line":8,"column":null}},"1":{"start":{"line":10,"column":20},"end":{"line":19,"column":null}},"2":{"start":{"line":21,"column":0},"end":{"line":21,"column":null}},"3":{"start":{"line":22,"column":0},"end":{"line":22,"column":null}},"4":{"start":{"line":23,"column":0},"end":{"line":23,"column":null}},"5":{"start":{"line":24,"column":0},"end":{"line":24,"column":null}},"6":{"start":{"line":26,"column":0},"end":{"line":26,"column":null}},"7":{"start":{"line":28,"column":0},"end":{"line":28,"column":null}},"8":{"start":{"line":30,"column":0},"end":{"line":30,"column":null}},"9":{"start":{"line":31,"column":0},"end":{"line":31,"column":null}},"10":{"start":{"line":33,"column":0},"end":{"line":33,"column":null}}},"fnMap":{},"branchMap":{},"s":{"0":0,"1":0,"2":0,"3":0,"4":0,"5":0,"6":0,"7":0,"8":0,"9":0,"10":0},"f":{},"b":{},"meta":{"lastBranch":0,"lastFunction":0,"lastStatement":11,"seen":{"s:8:13:8:Infinity":0,"s:10:20:19:Infinity":1,"s:21:0:21:Infinity":2,"s:22:0:22:Infinity":3,"s:23:0:23:Infinity":4,"s:24:0:24:Infinity":5,"s:26:0:26:Infinity":6,"s:28:0:28:Infinity":7,"s:30:0:30:Infinity":8,"s:31:0:31:Infinity":9,"s:33:0:33:Infinity":10}}}
,"D:\\Project\\Sentinel\\Back-End\\src\\configs\\db.ts": {"path":"D:\\Project\\Sentinel\\Back-End\\src\\configs\\db.ts","statementMap":{"0":{"start":{"line":3,"column":25},"end":{"line":3,"column":null}},"1":{"start":{"line":4,"column":15},"end":{"line":4,"column":null}}},"fnMap":{},"branchMap":{},"s":{"0":6,"1":6},"f":{},"b":{},"meta":{"lastBranch":0,"lastFunction":0,"lastStatement":2,"seen":{"s:3:25:3:Infinity":0,"s:4:15:4:Infinity":1}}}
,"D:\\Project\\Sentinel\\Back-End\\src\\configs\\socket.ts": {"path":"D:\\Project\\Sentinel\\Back-End\\src\\configs\\socket.ts","statementMap":{"0":{"start":{"line":16,"column":4},"end":{"line":16,"column":null}},"1":{"start":{"line":17,"column":4},"end":{"line":23,"column":null}},"2":{"start":{"line":30,"column":4},"end":{"line":30,"column":null}},"3":{"start":{"line":30,"column":41},"end":{"line":30,"column":70}},"4":{"start":{"line":31,"column":4},"end":{"line":31,"column":null}},"5":{"start":{"line":38,"column":4},"end":{"line":42,"column":null}},"6":{"start":{"line":43,"column":4},"end":{"line":43,"column":null}},"7":{"start":{"line":50,"column":4},"end":{"line":50,"column":null}},"8":{"start":{"line":52,"column":4},"end":{"line":55,"column":null}},"9":{"start":{"line":53,"column":6},"end":{"line":53,"column":null}},"10":{"start":{"line":54,"column":6},"end":{"line":54,"column":null}},"11":{"start":{"line":57,"column":4},"end":{"line":57,"column":null}},"12":{"start":{"line":59,"column":4},"end":{"line":59,"column":null}},"13":{"start":{"line":61,"column":4},"end":{"line":63,"column":null}},"14":{"start":{"line":62,"column":6},"end":{"line":62,"column":null}},"15":{"start":{"line":70,"column":4},"end":{"line":73,"column":null}},"16":{"start":{"line":71,"column":6},"end":{"line":71,"column":null}},"17":{"start":{"line":72,"column":6},"end":{"line":72,"column":null}}},"fnMap":{"0":{"name":"(anonymous_0)","decl":{"start":{"line":14,"column":2},"end":{"line":14,"column":14}},"loc":{"start":{"line":14,"column":38},"end":{"line":24,"column":null}},"line":14},"1":{"name":"(anonymous_1)","decl":{"start":{"line":29,"column":9},"end":{"line":29,"column":16}},"loc":{"start":{"line":29,"column":16},"end":{"line":32,"column":null}},"line":29},"2":{"name":"(anonymous_2)","decl":{"start":{"line":30,"column":29},"end":{"line":30,"column":30}},"loc":{"start":{"line":30,"column":41},"end":{"line":30,"column":70}},"line":30},"3":{"name":"(anonymous_3)","decl":{"start":{"line":37,"column":9},"end":{"line":37,"column":26}},"loc":{"start":{"line":37,"column":71},"end":{"line":44,"column":null}},"line":37},"4":{"name":"(anonymous_4)","decl":{"start":{"line":49,"column":10},"end":{"line":49,"column":27}},"loc":{"start":{"line":49,"column":87},"end":{"line":64,"column":null}},"line":49},"5":{"name":"(anonymous_5)","decl":{"start":{"line":52,"column":27},"end":{"line":52,"column":28}},"loc":{"start":{"line":52,"column":47},"end":{"line":55,"column":5}},"line":52},"6":{"name":"(anonymous_6)","decl":{"start":{"line":61,"column":28},"end":{"line":61,"column":34}},"loc":{"start":{"line":61,"column":34},"end":{"line":63,"column":5}},"line":61},"7":{"name":"(anonymous_7)","decl":{"start":{"line":69,"column":10},"end":{"line":69,"column":31}},"loc":{"start":{"line":69,"column":91},"end":{"line":74,"column":null}},"line":69},"8":{"name":"(anonymous_8)","decl":{"start":{"line":70,"column":30},"end":{"line":70,"column":31}},"loc":{"start":{"line":70,"column":43},"end":{"line":73,"column":5}},"line":70}},"branchMap":{},"s":{"0":0,"1":0,"2":0,"3":0,"4":0,"5":0,"6":0,"7":0,"8":0,"9":0,"10":0,"11":0,"12":0,"13":0,"14":0,"15":0,"16":0,"17":0},"f":{"0":0,"1":0,"2":0,"3":0,"4":0,"5":0,"6":0,"7":0,"8":0},"b":{},"meta":{"lastBranch":0,"lastFunction":9,"lastStatement":18,"seen":{"f:14:2:14:14":0,"s:16:4:16:Infinity":0,"s:17:4:23:Infinity":1,"f:29:9:29:16":1,"s:30:4:30:Infinity":2,"f:30:29:30:30":2,"s:30:41:30:70":3,"s:31:4:31:Infinity":4,"f:37:9:37:26":3,"s:38:4:42:Infinity":5,"s:43:4:43:Infinity":6,"f:49:10:49:27":4,"s:50:4:50:Infinity":7,"s:52:4:55:Infinity":8,"f:52:27:52:28":5,"s:53:6:53:Infinity":9,"s:54:6:54:Infinity":10,"s:57:4:57:Infinity":11,"s:59:4:59:Infinity":12,"s:61:4:63:Infinity":13,"f:61:28:61:34":6,"s:62:6:62:Infinity":14,"f:69:10:69:31":7,"s:70:4:73:Infinity":15,"f:70:30:70:31":8,"s:71:6:71:Infinity":16,"s:72:6:72:Infinity":17}}}
,"D:\\Project\\Sentinel\\Back-End\\src\\configs\\weather.ts": {"path":"D:\\Project\\Sentinel\\Back-End\\src\\configs\\weather.ts","statementMap":{"0":{"start":{"line":8,"column":29},"end":{"line":13,"column":null}},"1":{"start":{"line":15,"column":0},"end":{"line":19,"column":null}},"2":{"start":{"line":16,"column":2},"end":{"line":18,"column":null}}},"fnMap":{},"branchMap":{"0":{"loc":{"start":{"line":9,"column":10},"end":{"line":9,"column":null}},"type":"binary-expr","locations":[{"start":{"line":9,"column":10},"end":{"line":9,"column":45}},{"start":{"line":9,"column":45},"end":{"line":9,"column":null}}],"line":9},"1":{"loc":{"start":{"line":10,"column":12},"end":{"line":10,"column":null}},"type":"binary-expr","locations":[{"start":{"line":10,"column":12},"end":{"line":10,"column":48}},{"start":{"line":10,"column":48},"end":{"line":10,"column":null}}],"line":10},"2":{"loc":{"start":{"line":11,"column":13},"end":{"line":11,"column":null}},"type":"binary-expr","locations":[{"start":{"line":11,"column":13},"end":{"line":11,"column":50}},{"start":{"line":11,"column":50},"end":{"line":11,"column":null}}],"line":11},"3":{"loc":{"start":{"line":15,"column":0},"end":{"line":19,"column":null}},"type":"if","locations":[{"start":{"line":15,"column":0},"end":{"line":19,"column":null}},{"start":{},"end":{}}],"line":15}},"s":{"0":0,"1":0,"2":0},"f":{},"b":{"0":[0,0],"1":[0,0],"2":[0,0],"3":[0,0]},"meta":{"lastBranch":4,"lastFunction":0,"lastStatement":3,"seen":{"s:8:29:13:Infinity":0,"b:9:10:9:45:9:45:9:Infinity":0,"b:10:12:10:48:10:48:10:Infinity":1,"b:11:13:11:50:11:50:11:Infinity":2,"b:15:0:19:Infinity:undefined:undefined:undefined:undefined":3,"s:15:0:19:Infinity":1,"s:16:2:18:Infinity":2}}}
,"D:\\Project\\Sentinel\\Back-End\\src\\controllers\\index.ts": {"path":"D:\\Project\\Sentinel\\Back-End\\src\\controllers\\index.ts","statementMap":{"0":{"start":{"line":4,"column":21},"end":{"line":14,"column":null}},"1":{"start":{"line":5,"column":18},"end":{"line":5,"column":null}},"2":{"start":{"line":7,"column":15},"end":{"line":11,"column":null}},"3":{"start":{"line":13,"column":2},"end":{"line":13,"column":null}}},"fnMap":{"0":{"name":"(anonymous_0)","decl":{"start":{"line":4,"column":21},"end":{"line":4,"column":22}},"loc":{"start":{"line":4,"column":54},"end":{"line":14,"column":null}},"line":4}},"branchMap":{},"s":{"0":0,"1":0,"2":0,"3":0},"f":{"0":0},"b":{},"meta":{"lastBranch":0,"lastFunction":1,"lastStatement":4,"seen":{"s:4:21:14:Infinity":0,"f:4:21:4:22":0,"s:5:18:5:Infinity":1,"s:7:15:11:Infinity":2,"s:13:2:13:Infinity":3}}}
,"D:\\Project\\Sentinel\\Back-End\\src\\controllers\\weather.controller.ts": {"path":"D:\\Project\\Sentinel\\Back-End\\src\\controllers\\weather.controller.ts","statementMap":{"0":{"start":{"line":10,"column":24},"end":{"line":10,"column":null}},"1":{"start":{"line":12,"column":4},"end":{"line":14,"column":null}},"2":{"start":{"line":13,"column":6},"end":{"line":13,"column":null}},"3":{"start":{"line":16,"column":4},"end":{"line":20,"column":null}},"4":{"start":{"line":24,"column":33},"end":{"line":24,"column":null}}},"fnMap":{"0":{"name":"(anonymous_0)","decl":{"start":{"line":7,"column":8},"end":{"line":7,"column":24}},"loc":{"start":{"line":7,"column":53},"end":{"line":21,"column":null}},"line":7}},"branchMap":{"0":{"loc":{"start":{"line":12,"column":4},"end":{"line":14,"column":null}},"type":"if","locations":[{"start":{"line":12,"column":4},"end":{"line":14,"column":null}},{"start":{},"end":{}}],"line":12}},"s":{"0":0,"1":0,"2":0,"3":0,"4":0},"f":{"0":0},"b":{"0":[0,0]},"meta":{"lastBranch":1,"lastFunction":1,"lastStatement":5,"seen":{"f:7:8:7:24":0,"s:10:24:10:Infinity":0,"b:12:4:14:Infinity:undefined:undefined:undefined:undefined":0,"s:12:4:14:Infinity":1,"s:13:6:13:Infinity":2,"s:16:4:20:Infinity":3,"s:24:33:24:Infinity":4}}}
,"D:\\Project\\Sentinel\\Back-End\\src\\controllers\\auth\\auth.controller.ts": {"path":"D:\\Project\\Sentinel\\Back-End\\src\\controllers\\auth\\auth.controller.ts","statementMap":{"0":{"start":{"line":10,"column":17},"end":{"line":13,"column":null}},"1":{"start":{"line":8,"column":31},"end":{"line":8,"column":57}},"2":{"start":{"line":11,"column":19},"end":{"line":11,"column":null}},"3":{"start":{"line":12,"column":4},"end":{"line":12,"column":null}},"4":{"start":{"line":16,"column":30},"end":{"line":16,"column":null}}},"fnMap":{"0":{"name":"(anonymous_0)","decl":{"start":{"line":8,"column":2},"end":{"line":8,"column":31}},"loc":{"start":{"line":8,"column":57},"end":{"line":8,"column":null}},"line":8},"1":{"name":"(anonymous_1)","decl":{"start":{"line":10,"column":17},"end":{"line":10,"column":24}},"loc":{"start":{"line":10,"column":83},"end":{"line":13,"column":null}},"line":10}},"branchMap":{},"s":{"0":0,"1":0,"2":0,"3":0,"4":0},"f":{"0":0,"1":0},"b":{},"meta":{"lastBranch":0,"lastFunction":2,"lastStatement":5,"seen":{"s:10:17:13:Infinity":0,"f:8:2:8:31":0,"s:8:31:8:57":1,"f:10:17:10:24":1,"s:11:19:11:Infinity":2,"s:12:4:12:Infinity":3,"s:16:30:16:Infinity":4}}}
,"D:\\Project\\Sentinel\\Back-End\\src\\controllers\\auth\\role.controller.ts": {"path":"D:\\Project\\Sentinel\\Back-End\\src\\controllers\\auth\\role.controller.ts","statementMap":{"0":{"start":{"line":14,"column":4},"end":{"line":14,"column":null}}},"fnMap":{"0":{"name":"(anonymous_0)","decl":{"start":{"line":13,"column":2},"end":{"line":13,"column":16}},"loc":{"start":{"line":13,"column":16},"end":{"line":15,"column":null}},"line":13}},"branchMap":{},"s":{"0":0},"f":{"0":0},"b":{},"meta":{"lastBranch":0,"lastFunction":1,"lastStatement":1,"seen":{"f:13:2:13:16":0,"s:14:4:14:Infinity":0}}}
,"D:\\Project\\Sentinel\\Back-End\\src\\controllers\\auth\\user.controller.ts": {"path":"D:\\Project\\Sentinel\\Back-End\\src\\controllers\\auth\\user.controller.ts","statementMap":{"0":{"start":{"line":22,"column":30},"end":{"line":32,"column":null}},"1":{"start":{"line":16,"column":4},"end":{"line":16,"column":null}},"2":{"start":{"line":23,"column":23},"end":{"line":23,"column":null}},"3":{"start":{"line":25,"column":19},"end":{"line":25,"column":null}},"4":{"start":{"line":27,"column":4},"end":{"line":31,"column":null}},"5":{"start":{"line":35,"column":30},"end":{"line":35,"column":null}}},"fnMap":{"0":{"name":"(anonymous_0)","decl":{"start":{"line":15,"column":2},"end":{"line":15,"column":16}},"loc":{"start":{"line":15,"column":16},"end":{"line":17,"column":null}},"line":15},"1":{"name":"(anonymous_1)","decl":{"start":{"line":22,"column":30},"end":{"line":22,"column":37}},"loc":{"start":{"line":22,"column":69},"end":{"line":32,"column":null}},"line":22}},"branchMap":{},"s":{"0":0,"1":0,"2":0,"3":0,"4":0,"5":0},"f":{"0":0,"1":0},"b":{},"meta":{"lastBranch":0,"lastFunction":2,"lastStatement":6,"seen":{"s:22:30:32:Infinity":0,"f:15:2:15:16":0,"s:16:4:16:Infinity":1,"f:22:30:22:37":1,"s:23:23:23:Infinity":2,"s:25:19:25:Infinity":3,"s:27:4:31:Infinity":4,"s:35:30:35:Infinity":5}}}
,"D:\\Project\\Sentinel\\Back-End\\src\\controllers\\finance\\SchemeRate.controller.ts": {"path":"D:\\Project\\Sentinel\\Back-End\\src\\controllers\\finance\\SchemeRate.controller.ts","statementMap":{"0":{"start":{"line":18,"column":4},"end":{"line":18,"column":null}}},"fnMap":{"0":{"name":"(anonymous_0)","decl":{"start":{"line":17,"column":2},"end":{"line":17,"column":16}},"loc":{"start":{"line":17,"column":16},"end":{"line":19,"column":null}},"line":17}},"branchMap":{},"s":{"0":0},"f":{"0":0},"b":{},"meta":{"lastBranch":0,"lastFunction":1,"lastStatement":1,"seen":{"f:17:2:17:16":0,"s:18:4:18:Infinity":0}}}
,"D:\\Project\\Sentinel\\Back-End\\src\\controllers\\finance\\TariffGroup.controller.ts": {"path":"D:\\Project\\Sentinel\\Back-End\\src\\controllers\\finance\\TariffGroup.controller.ts","statementMap":{"0":{"start":{"line":25,"column":22},"end":{"line":34,"column":null}},"1":{"start":{"line":23,"column":4},"end":{"line":23,"column":null}},"2":{"start":{"line":26,"column":23},"end":{"line":26,"column":null}},"3":{"start":{"line":28,"column":19},"end":{"line":28,"column":null}},"4":{"start":{"line":29,"column":4},"end":{"line":33,"column":null}},"5":{"start":{"line":37,"column":37},"end":{"line":37,"column":null}}},"fnMap":{"0":{"name":"(anonymous_0)","decl":{"start":{"line":22,"column":2},"end":{"line":22,"column":16}},"loc":{"start":{"line":22,"column":16},"end":{"line":24,"column":null}},"line":22},"1":{"name":"(anonymous_1)","decl":{"start":{"line":25,"column":22},"end":{"line":25,"column":29}},"loc":{"start":{"line":25,"column":96},"end":{"line":34,"column":null}},"line":25}},"branchMap":{},"s":{"0":0,"1":0,"2":0,"3":0,"4":0,"5":0},"f":{"0":0,"1":0},"b":{},"meta":{"lastBranch":0,"lastFunction":2,"lastStatement":6,"seen":{"s:25:22:34:Infinity":0,"f:22:2:22:16":0,"s:23:4:23:Infinity":1,"f:25:22:25:29":1,"s:26:23:26:Infinity":2,"s:28:19:28:Infinity":3,"s:29:4:33:Infinity":4,"s:37:37:37:Infinity":5}}}
,"D:\\Project\\Sentinel\\Back-End\\src\\controllers\\finance\\annualBudget.controller.ts": {"path":"D:\\Project\\Sentinel\\Back-End\\src\\controllers\\finance\\annualBudget.controller.ts","statementMap":{"0":{"start":{"line":26,"column":27},"end":{"line":33,"column":null}},"1":{"start":{"line":39,"column":27},"end":{"line":71,"column":null}},"2":{"start":{"line":76,"column":25},"end":{"line":95,"column":null}},"3":{"start":{"line":100,"column":28},"end":{"line":111,"column":null}},"4":{"start":{"line":23,"column":4},"end":{"line":23,"column":null}},"5":{"start":{"line":27,"column":18},"end":{"line":27,"column":null}},"6":{"start":{"line":28,"column":4},"end":{"line":32,"column":null}},"7":{"start":{"line":40,"column":18},"end":{"line":40,"column":null}},"8":{"start":{"line":42,"column":23},"end":{"line":42,"column":null}},"9":{"start":{"line":43,"column":29},"end":{"line":43,"column":null}},"10":{"start":{"line":45,"column":22},"end":{"line":45,"column":null}},"11":{"start":{"line":46,"column":20},"end":{"line":46,"column":null}},"12":{"start":{"line":48,"column":49},"end":{"line":59,"column":null}},"13":{"start":{"line":61,"column":20},"end":{"line":64,"column":null}},"14":{"start":{"line":66,"column":4},"end":{"line":70,"column":null}},"15":{"start":{"line":77,"column":18},"end":{"line":77,"column":null}},"16":{"start":{"line":78,"column":17},"end":{"line":78,"column":null}},"17":{"start":{"line":80,"column":49},"end":{"line":80,"column":null}},"18":{"start":{"line":81,"column":4},"end":{"line":85,"column":null}},"19":{"start":{"line":82,"column":25},"end":{"line":82,"column":null}},"20":{"start":{"line":83,"column":6},"end":{"line":83,"column":null}},"21":{"start":{"line":84,"column":6},"end":{"line":84,"column":null}},"22":{"start":{"line":87,"column":26},"end":{"line":89,"column":null}},"23":{"start":{"line":90,"column":4},"end":{"line":94,"column":null}},"24":{"start":{"line":102,"column":19},"end":{"line":102,"column":null}},"25":{"start":{"line":103,"column":21},"end":{"line":103,"column":null}},"26":{"start":{"line":105,"column":27},"end":{"line":105,"column":null}},"27":{"start":{"line":106,"column":4},"end":{"line":110,"column":null}},"28":{"start":{"line":114,"column":38},"end":{"line":114,"column":null}}},"fnMap":{"0":{"name":"(anonymous_0)","decl":{"start":{"line":22,"column":2},"end":{"line":22,"column":16}},"loc":{"start":{"line":22,"column":16},"end":{"line":24,"column":null}},"line":22},"1":{"name":"(anonymous_1)","decl":{"start":{"line":26,"column":27},"end":{"line":26,"column":34}},"loc":{"start":{"line":26,"column":66},"end":{"line":33,"column":null}},"line":26},"2":{"name":"(anonymous_2)","decl":{"start":{"line":39,"column":27},"end":{"line":39,"column":34}},"loc":{"start":{"line":39,"column":66},"end":{"line":71,"column":null}},"line":39},"3":{"name":"(anonymous_3)","decl":{"start":{"line":76,"column":25},"end":{"line":76,"column":32}},"loc":{"start":{"line":76,"column":64},"end":{"line":95,"column":null}},"line":76},"4":{"name":"(anonymous_4)","decl":{"start":{"line":100,"column":28},"end":{"line":100,"column":35}},"loc":{"start":{"line":100,"column":67},"end":{"line":111,"column":null}},"line":100}},"branchMap":{"0":{"loc":{"start":{"line":42,"column":23},"end":{"line":42,"column":null}},"type":"binary-expr","locations":[{"start":{"line":42,"column":23},"end":{"line":42,"column":38}},{"start":{"line":42,"column":30},"end":{"line":42,"column":null}}],"line":42},"1":{"loc":{"start":{"line":54,"column":10},"end":{"line":58,"column":null}},"type":"binary-expr","locations":[{"start":{"line":54,"column":10},"end":{"line":54,"column":30}},{"start":{"line":54,"column":30},"end":{"line":58,"column":null}}],"line":54},"2":{"loc":{"start":{"line":81,"column":4},"end":{"line":85,"column":null}},"type":"if","locations":[{"start":{"line":81,"column":4},"end":{"line":85,"column":null}},{"start":{},"end":{}}],"line":81},"3":{"loc":{"start":{"line":103,"column":21},"end":{"line":103,"column":null}},"type":"binary-expr","locations":[{"start":{"line":103,"column":21},"end":{"line":103,"column":41}},{"start":{"line":103,"column":41},"end":{"line":103,"column":null}}],"line":103}},"s":{"0":0,"1":0,"2":0,"3":0,"4":0,"5":0,"6":0,"7":0,"8":0,"9":0,"10":0,"11":0,"12":0,"13":0,"14":0,"15":0,"16":0,"17":0,"18":0,"19":0,"20":0,"21":0,"22":0,"23":0,"24":0,"25":0,"26":0,"27":0,"28":0},"f":{"0":0,"1":0,"2":0,"3":0,"4":0},"b":{"0":[0,0],"1":[0,0],"2":[0,0],"3":[0,0]},"meta":{"lastBranch":4,"lastFunction":5,"lastStatement":29,"seen":{"s:26:27:33:Infinity":0,"s:39:27:71:Infinity":1,"s:76:25:95:Infinity":2,"s:100:28:111:Infinity":3,"f:22:2:22:16":0,"s:23:4:23:Infinity":4,"f:26:27:26:34":1,"s:27:18:27:Infinity":5,"s:28:4:32:Infinity":6,"f:39:27:39:34":2,"s:40:18:40:Infinity":7,"s:42:23:42:Infinity":8,"b:42:23:42:38:42:30:42:Infinity":0,"s:43:29:43:Infinity":9,"s:45:22:45:Infinity":10,"s:46:20:46:Infinity":11,"s:48:49:59:Infinity":12,"b:54:10:54:30:54:30:58:Infinity":1,"s:61:20:64:Infinity":13,"s:66:4:70:Infinity":14,"f:76:25:76:32":3,"s:77:18:77:Infinity":15,"s:78:17:78:Infinity":16,"s:80:49:80:Infinity":17,"b:81:4:85:Infinity:undefined:undefined:undefined:undefined":2,"s:81:4:85:Infinity":18,"s:82:25:82:Infinity":19,"s:83:6:83:Infinity":20,"s:84:6:84:Infinity":21,"s:87:26:89:Infinity":22,"s:90:4:94:Infinity":23,"f:100:28:100:35":4,"s:102:19:102:Infinity":24,"s:103:21:103:Infinity":25,"b:103:21:103:41:103:41:103:Infinity":3,"s:105:27:105:Infinity":26,"s:106:4:110:Infinity":27,"s:114:38:114:Infinity":28}}}
,"D:\\Project\\Sentinel\\Back-End\\src\\controllers\\finance\\budget.controller.ts": {"path":"D:\\Project\\Sentinel\\Back-End\\src\\controllers\\finance\\budget.controller.ts","statementMap":{"0":{"start":{"line":6,"column":39},"end":{"line":6,"column":null}},"1":{"start":{"line":8,"column":19},"end":{"line":11,"column":null}},"2":{"start":{"line":13,"column":4},"end":{"line":19,"column":null}},"3":{"start":{"line":23,"column":32},"end":{"line":23,"column":null}}},"fnMap":{"0":{"name":"(anonymous_0)","decl":{"start":{"line":5,"column":8},"end":{"line":5,"column":22}},"loc":{"start":{"line":5,"column":51},"end":{"line":20,"column":null}},"line":5}},"branchMap":{"0":{"loc":{"start":{"line":10,"column":6},"end":{"line":10,"column":null}},"type":"cond-expr","locations":[{"start":{"line":10,"column":21},"end":{"line":10,"column":46}},{"start":{"line":10,"column":46},"end":{"line":10,"column":null}}],"line":10}},"s":{"0":0,"1":0,"2":0,"3":0},"f":{"0":0},"b":{"0":[0,0]},"meta":{"lastBranch":1,"lastFunction":1,"lastStatement":4,"seen":{"f:5:8:5:22":0,"s:6:39:6:Infinity":0,"s:8:19:11:Infinity":1,"b:10:21:10:46:10:46:10:Infinity":0,"s:13:4:19:Infinity":2,"s:23:32:23:Infinity":3}}}
,"D:\\Project\\Sentinel\\Back-End\\src\\controllers\\finance\\priceSchme.controller.ts": {"path":"D:\\Project\\Sentinel\\Back-End\\src\\controllers\\finance\\priceSchme.controller.ts","statementMap":{"0":{"start":{"line":29,"column":27},"end":{"line":44,"column":null}},"1":{"start":{"line":26,"column":4},"end":{"line":26,"column":null}},"2":{"start":{"line":30,"column":19},"end":{"line":30,"column":null}},"3":{"start":{"line":32,"column":25},"end":{"line":35,"column":null}},"4":{"start":{"line":37,"column":22},"end":{"line":37,"column":null}},"5":{"start":{"line":39,"column":4},"end":{"line":43,"column":null}}},"fnMap":{"0":{"name":"(anonymous_0)","decl":{"start":{"line":25,"column":2},"end":{"line":25,"column":16}},"loc":{"start":{"line":25,"column":16},"end":{"line":27,"column":null}},"line":25},"1":{"name":"(anonymous_1)","decl":{"start":{"line":29,"column":27},"end":{"line":29,"column":34}},"loc":{"start":{"line":29,"column":81},"end":{"line":44,"column":null}},"line":29}},"branchMap":{},"s":{"0":0,"1":0,"2":0,"3":0,"4":0,"5":0},"f":{"0":0,"1":0},"b":{},"meta":{"lastBranch":0,"lastFunction":2,"lastStatement":6,"seen":{"s:29:27:44:Infinity":0,"f:25:2:25:16":0,"s:26:4:26:Infinity":1,"f:29:27:29:34":1,"s:30:19:30:Infinity":2,"s:32:25:35:Infinity":3,"s:37:22:37:Infinity":4,"s:39:4:43:Infinity":5}}}
,"D:\\Project\\Sentinel\\Back-End\\src\\controllers\\finance\\tax.controller.ts": {"path":"D:\\Project\\Sentinel\\Back-End\\src\\controllers\\finance\\tax.controller.ts","statementMap":{"0":{"start":{"line":14,"column":4},"end":{"line":14,"column":null}}},"fnMap":{"0":{"name":"(anonymous_0)","decl":{"start":{"line":13,"column":2},"end":{"line":13,"column":16}},"loc":{"start":{"line":13,"column":16},"end":{"line":15,"column":null}},"line":13}},"branchMap":{},"s":{"0":0},"f":{"0":0},"b":{},"meta":{"lastBranch":0,"lastFunction":1,"lastStatement":1,"seen":{"f:13:2:13:16":0,"s:14:4:14:Infinity":0}}}
,"D:\\Project\\Sentinel\\Back-End\\src\\controllers\\intelligence\\classify.controller.ts": {"path":"D:\\Project\\Sentinel\\Back-End\\src\\controllers\\intelligence\\classify.controller.ts","statementMap":{"0":{"start":{"line":6,"column":35},"end":{"line":20,"column":null}},"1":{"start":{"line":7,"column":2},"end":{"line":19,"column":null}},"2":{"start":{"line":8,"column":30},"end":{"line":8,"column":null}},"3":{"start":{"line":10,"column":19},"end":{"line":10,"column":null}},"4":{"start":{"line":12,"column":4},"end":{"line":16,"column":null}},"5":{"start":{"line":18,"column":4},"end":{"line":18,"column":null}}},"fnMap":{"0":{"name":"(anonymous_0)","decl":{"start":{"line":6,"column":35},"end":{"line":6,"column":42}},"loc":{"start":{"line":6,"column":94},"end":{"line":20,"column":null}},"line":6}},"branchMap":{},"s":{"0":0,"1":0,"2":0,"3":0,"4":0,"5":0},"f":{"0":0},"b":{},"meta":{"lastBranch":0,"lastFunction":1,"lastStatement":6,"seen":{"s:6:35:20:Infinity":0,"f:6:35:6:42":0,"s:7:2:19:Infinity":1,"s:8:30:8:Infinity":2,"s:10:19:10:Infinity":3,"s:12:4:16:Infinity":4,"s:18:4:18:Infinity":5}}}
,"D:\\Project\\Sentinel\\Back-End\\src\\controllers\\intelligence\\efficiencyTarget.controller.ts": {"path":"D:\\Project\\Sentinel\\Back-End\\src\\controllers\\intelligence\\efficiencyTarget.controller.ts","statementMap":{"0":{"start":{"line":24,"column":27},"end":{"line":35,"column":null}},"1":{"start":{"line":22,"column":4},"end":{"line":22,"column":null}},"2":{"start":{"line":25,"column":19},"end":{"line":25,"column":null}},"3":{"start":{"line":27,"column":25},"end":{"line":30,"column":null}},"4":{"start":{"line":32,"column":22},"end":{"line":32,"column":null}},"5":{"start":{"line":34,"column":4},"end":{"line":34,"column":null}}},"fnMap":{"0":{"name":"(anonymous_0)","decl":{"start":{"line":21,"column":2},"end":{"line":21,"column":16}},"loc":{"start":{"line":21,"column":16},"end":{"line":23,"column":null}},"line":21},"1":{"name":"(anonymous_1)","decl":{"start":{"line":24,"column":27},"end":{"line":24,"column":34}},"loc":{"start":{"line":24,"column":81},"end":{"line":35,"column":null}},"line":24}},"branchMap":{},"s":{"0":0,"1":0,"2":0,"3":0,"4":0,"5":0},"f":{"0":0,"1":0},"b":{},"meta":{"lastBranch":0,"lastFunction":2,"lastStatement":6,"seen":{"s:24:27:35:Infinity":0,"f:21:2:21:16":0,"s:22:4:22:Infinity":1,"f:24:27:24:34":1,"s:25:19:25:Infinity":2,"s:27:25:30:Infinity":3,"s:32:22:32:Infinity":4,"s:34:4:34:Infinity":5}}}
,"D:\\Project\\Sentinel\\Back-End\\src\\controllers\\intelligence\\machineLearning.controller.ts": {"path":"D:\\Project\\Sentinel\\Back-End\\src\\controllers\\intelligence\\machineLearning.controller.ts","statementMap":{"0":{"start":{"line":10,"column":25},"end":{"line":45,"column":null}},"1":{"start":{"line":11,"column":4},"end":{"line":44,"column":null}},"2":{"start":{"line":12,"column":23},"end":{"line":12,"column":null}},"3":{"start":{"line":14,"column":25},"end":{"line":14,"column":null}},"4":{"start":{"line":16,"column":6},"end":{"line":35,"column":null}},"5":{"start":{"line":17,"column":33},"end":{"line":17,"column":null}},"6":{"start":{"line":19,"column":8},"end":{"line":34,"column":null}},"7":{"start":{"line":37,"column":6},"end":{"line":41,"column":null}},"8":{"start":{"line":43,"column":6},"end":{"line":43,"column":null}},"9":{"start":{"line":48,"column":41},"end":{"line":48,"column":null}}},"fnMap":{"0":{"name":"(anonymous_0)","decl":{"start":{"line":10,"column":25},"end":{"line":10,"column":32}},"loc":{"start":{"line":10,"column":84},"end":{"line":45,"column":null}},"line":10}},"branchMap":{"0":{"loc":{"start":{"line":16,"column":6},"end":{"line":35,"column":null}},"type":"if","locations":[{"start":{"line":16,"column":6},"end":{"line":35,"column":null}},{"start":{},"end":{}}],"line":16}},"s":{"0":0,"1":0,"2":0,"3":0,"4":0,"5":0,"6":0,"7":0,"8":0,"9":0},"f":{"0":0},"b":{"0":[0,0]},"meta":{"lastBranch":1,"lastFunction":1,"lastStatement":10,"seen":{"s:10:25:45:Infinity":0,"f:10:25:10:32":0,"s:11:4:44:Infinity":1,"s:12:23:12:Infinity":2,"s:14:25:14:Infinity":3,"b:16:6:35:Infinity:undefined:undefined:undefined:undefined":0,"s:16:6:35:Infinity":4,"s:17:33:17:Infinity":5,"s:19:8:34:Infinity":6,"s:37:6:41:Infinity":7,"s:43:6:43:Infinity":8,"s:48:41:48:Infinity":9}}}
,"D:\\Project\\Sentinel\\Back-End\\src\\controllers\\intelligence\\predict.controller.ts": {"path":"D:\\Project\\Sentinel\\Back-End\\src\\controllers\\intelligence\\predict.controller.ts","statementMap":{"0":{"start":{"line":5,"column":34},"end":{"line":19,"column":null}},"1":{"start":{"line":6,"column":2},"end":{"line":18,"column":null}},"2":{"start":{"line":7,"column":30},"end":{"line":7,"column":null}},"3":{"start":{"line":9,"column":19},"end":{"line":9,"column":null}},"4":{"start":{"line":11,"column":4},"end":{"line":15,"column":null}},"5":{"start":{"line":17,"column":4},"end":{"line":17,"column":null}},"6":{"start":{"line":21,"column":37},"end":{"line":39,"column":null}},"7":{"start":{"line":22,"column":2},"end":{"line":38,"column":null}},"8":{"start":{"line":23,"column":46},"end":{"line":23,"column":null}},"9":{"start":{"line":25,"column":19},"end":{"line":29,"column":null}},"10":{"start":{"line":31,"column":4},"end":{"line":35,"column":null}},"11":{"start":{"line":37,"column":4},"end":{"line":37,"column":null}}},"fnMap":{"0":{"name":"(anonymous_0)","decl":{"start":{"line":5,"column":34},"end":{"line":5,"column":41}},"loc":{"start":{"line":5,"column":93},"end":{"line":19,"column":null}},"line":5},"1":{"name":"(anonymous_1)","decl":{"start":{"line":21,"column":37},"end":{"line":21,"column":44}},"loc":{"start":{"line":21,"column":97},"end":{"line":39,"column":null}},"line":21}},"branchMap":{},"s":{"0":0,"1":0,"2":0,"3":0,"4":0,"5":0,"6":0,"7":0,"8":0,"9":0,"10":0,"11":0},"f":{"0":0,"1":0},"b":{},"meta":{"lastBranch":0,"lastFunction":2,"lastStatement":12,"seen":{"s:5:34:19:Infinity":0,"f:5:34:5:41":0,"s:6:2:18:Infinity":1,"s:7:30:7:Infinity":2,"s:9:19:9:Infinity":3,"s:11:4:15:Infinity":4,"s:17:4:17:Infinity":5,"s:21:37:39:Infinity":6,"f:21:37:21:44":1,"s:22:2:38:Infinity":7,"s:23:46:23:Infinity":8,"s:25:19:29:Infinity":9,"s:31:4:35:Infinity":10,"s:37:4:37:Infinity":11}}}
,"D:\\Project\\Sentinel\\Back-End\\src\\controllers\\metering\\energy.controller.ts": {"path":"D:\\Project\\Sentinel\\Back-End\\src\\controllers\\metering\\energy.controller.ts","statementMap":{"0":{"start":{"line":18,"column":4},"end":{"line":18,"column":null}}},"fnMap":{"0":{"name":"(anonymous_0)","decl":{"start":{"line":17,"column":2},"end":{"line":17,"column":16}},"loc":{"start":{"line":17,"column":16},"end":{"line":19,"column":null}},"line":17}},"branchMap":{},"s":{"0":0},"f":{"0":0},"b":{},"meta":{"lastBranch":0,"lastFunction":1,"lastStatement":1,"seen":{"f:17:2:17:16":0,"s:18:4:18:Infinity":0}}}
,"D:\\Project\\Sentinel\\Back-End\\src\\controllers\\metering\\meter.controller.ts": {"path":"D:\\Project\\Sentinel\\Back-End\\src\\controllers\\metering\\meter.controller.ts","statementMap":{"0":{"start":{"line":25,"column":27},"end":{"line":36,"column":null}},"1":{"start":{"line":22,"column":4},"end":{"line":22,"column":null}},"2":{"start":{"line":26,"column":19},"end":{"line":26,"column":null}},"3":{"start":{"line":28,"column":4},"end":{"line":30,"column":null}},"4":{"start":{"line":29,"column":6},"end":{"line":29,"column":null}},"5":{"start":{"line":32,"column":18},"end":{"line":32,"column":null}},"6":{"start":{"line":33,"column":19},"end":{"line":33,"column":null}},"7":{"start":{"line":35,"column":4},"end":{"line":35,"column":null}}},"fnMap":{"0":{"name":"(anonymous_0)","decl":{"start":{"line":21,"column":2},"end":{"line":21,"column":16}},"loc":{"start":{"line":21,"column":16},"end":{"line":23,"column":null}},"line":21},"1":{"name":"(anonymous_1)","decl":{"start":{"line":25,"column":27},"end":{"line":25,"column":34}},"loc":{"start":{"line":25,"column":81},"end":{"line":36,"column":null}},"line":25}},"branchMap":{"0":{"loc":{"start":{"line":28,"column":4},"end":{"line":30,"column":null}},"type":"if","locations":[{"start":{"line":28,"column":4},"end":{"line":30,"column":null}},{"start":{},"end":{}}],"line":28}},"s":{"0":0,"1":0,"2":0,"3":0,"4":0,"5":0,"6":0,"7":0},"f":{"0":0,"1":0},"b":{"0":[0,0]},"meta":{"lastBranch":1,"lastFunction":2,"lastStatement":8,"seen":{"s:25:27:36:Infinity":0,"f:21:2:21:16":0,"s:22:4:22:Infinity":1,"f:25:27:25:34":1,"s:26:19:26:Infinity":2,"b:28:4:30:Infinity:undefined:undefined:undefined:undefined":0,"s:28:4:30:Infinity":3,"s:29:6:29:Infinity":4,"s:32:18:32:Infinity":5,"s:33:19:33:Infinity":6,"s:35:4:35:Infinity":7}}}
,"D:\\Project\\Sentinel\\Back-End\\src\\controllers\\metering\\meterCategory.controller.ts": {"path":"D:\\Project\\Sentinel\\Back-End\\src\\controllers\\metering\\meterCategory.controller.ts","statementMap":{"0":{"start":{"line":18,"column":4},"end":{"line":18,"column":null}}},"fnMap":{"0":{"name":"(anonymous_0)","decl":{"start":{"line":17,"column":2},"end":{"line":17,"column":16}},"loc":{"start":{"line":17,"column":16},"end":{"line":19,"column":null}},"line":17}},"branchMap":{},"s":{"0":0},"f":{"0":0},"b":{},"meta":{"lastBranch":0,"lastFunction":1,"lastStatement":1,"seen":{"f:17:2:17:16":0,"s:18:4:18:Infinity":0}}}
,"D:\\Project\\Sentinel\\Back-End\\src\\controllers\\metering\\reading.controller.ts": {"path":"D:\\Project\\Sentinel\\Back-End\\src\\controllers\\metering\\reading.controller.ts","statementMap":{"0":{"start":{"line":33,"column":27},"end":{"line":39,"column":null}},"1":{"start":{"line":41,"column":26},"end":{"line":51,"column":null}},"2":{"start":{"line":53,"column":27},"end":{"line":67,"column":null}},"3":{"start":{"line":69,"column":23},"end":{"line":75,"column":null}},"4":{"start":{"line":31,"column":4},"end":{"line":31,"column":null}},"5":{"start":{"line":34,"column":27},"end":{"line":34,"column":null}},"6":{"start":{"line":36,"column":19},"end":{"line":36,"column":null}},"7":{"start":{"line":38,"column":4},"end":{"line":38,"column":null}},"8":{"start":{"line":42,"column":52},"end":{"line":42,"column":null}},"9":{"start":{"line":44,"column":19},"end":{"line":48,"column":null}},"10":{"start":{"line":50,"column":4},"end":{"line":50,"column":null}},"11":{"start":{"line":54,"column":26},"end":{"line":54,"column":null}},"12":{"start":{"line":55,"column":20},"end":{"line":55,"column":null}},"13":{"start":{"line":56,"column":4},"end":{"line":58,"column":null}},"14":{"start":{"line":57,"column":6},"end":{"line":57,"column":null}},"15":{"start":{"line":60,"column":55},"end":{"line":64,"column":null}},"16":{"start":{"line":65,"column":19},"end":{"line":65,"column":null}},"17":{"start":{"line":66,"column":4},"end":{"line":66,"column":null}},"18":{"start":{"line":70,"column":22},"end":{"line":70,"column":null}},"19":{"start":{"line":72,"column":19},"end":{"line":72,"column":null}},"20":{"start":{"line":74,"column":4},"end":{"line":74,"column":null}},"21":{"start":{"line":77,"column":33},"end":{"line":77,"column":null}}},"fnMap":{"0":{"name":"(anonymous_0)","decl":{"start":{"line":30,"column":2},"end":{"line":30,"column":16}},"loc":{"start":{"line":30,"column":16},"end":{"line":32,"column":null}},"line":30},"1":{"name":"(anonymous_1)","decl":{"start":{"line":33,"column":27},"end":{"line":33,"column":34}},"loc":{"start":{"line":33,"column":81},"end":{"line":39,"column":null}},"line":33},"2":{"name":"(anonymous_2)","decl":{"start":{"line":41,"column":26},"end":{"line":41,"column":33}},"loc":{"start":{"line":41,"column":80},"end":{"line":51,"column":null}},"line":41},"3":{"name":"(anonymous_3)","decl":{"start":{"line":53,"column":27},"end":{"line":53,"column":34}},"loc":{"start":{"line":53,"column":81},"end":{"line":67,"column":null}},"line":53},"4":{"name":"(anonymous_4)","decl":{"start":{"line":69,"column":23},"end":{"line":69,"column":30}},"loc":{"start":{"line":69,"column":77},"end":{"line":75,"column":null}},"line":69}},"branchMap":{"0":{"loc":{"start":{"line":56,"column":4},"end":{"line":58,"column":null}},"type":"if","locations":[{"start":{"line":56,"column":4},"end":{"line":58,"column":null}},{"start":{},"end":{}}],"line":56},"1":{"loc":{"start":{"line":63,"column":20},"end":{"line":63,"column":null}},"type":"cond-expr","locations":[{"start":{"line":63,"column":49},"end":{"line":63,"column":88}},{"start":{"line":63,"column":88},"end":{"line":63,"column":null}}],"line":63}},"s":{"0":0,"1":0,"2":0,"3":0,"4":0,"5":0,"6":0,"7":0,"8":0,"9":0,"10":0,"11":0,"12":0,"13":0,"14":0,"15":0,"16":0,"17":0,"18":0,"19":0,"20":0,"21":0},"f":{"0":0,"1":0,"2":0,"3":0,"4":0},"b":{"0":[0,0],"1":[0,0]},"meta":{"lastBranch":2,"lastFunction":5,"lastStatement":22,"seen":{"s:33:27:39:Infinity":0,"s:41:26:51:Infinity":1,"s:53:27:67:Infinity":2,"s:69:23:75:Infinity":3,"f:30:2:30:16":0,"s:31:4:31:Infinity":4,"f:33:27:33:34":1,"s:34:27:34:Infinity":5,"s:36:19:36:Infinity":6,"s:38:4:38:Infinity":7,"f:41:26:41:33":2,"s:42:52:42:Infinity":8,"s:44:19:48:Infinity":9,"s:50:4:50:Infinity":10,"f:53:27:53:34":3,"s:54:26:54:Infinity":11,"s:55:20:55:Infinity":12,"b:56:4:58:Infinity:undefined:undefined:undefined:undefined":0,"s:56:4:58:Infinity":13,"s:57:6:57:Infinity":14,"s:60:55:64:Infinity":15,"b:63:49:63:88:63:88:63:Infinity":1,"s:65:19:65:Infinity":16,"s:66:4:66:Infinity":17,"f:69:23:69:30":4,"s:70:22:70:Infinity":18,"s:72:19:72:Infinity":19,"s:74:4:74:Infinity":20,"s:77:33:77:Infinity":21}}}
,"D:\\Project\\Sentinel\\Back-End\\src\\controllers\\metering\\readingType.controller.ts": {"path":"D:\\Project\\Sentinel\\Back-End\\src\\controllers\\metering\\readingType.controller.ts","statementMap":{"0":{"start":{"line":21,"column":4},"end":{"line":21,"column":null}},"1":{"start":{"line":24,"column":37},"end":{"line":24,"column":null}}},"fnMap":{"0":{"name":"(anonymous_0)","decl":{"start":{"line":20,"column":2},"end":{"line":20,"column":16}},"loc":{"start":{"line":20,"column":16},"end":{"line":22,"column":null}},"line":20}},"branchMap":{},"s":{"0":0,"1":0},"f":{"0":0},"b":{},"meta":{"lastBranch":0,"lastFunction":1,"lastStatement":2,"seen":{"f:20:2:20:16":0,"s:21:4:21:Infinity":0,"s:24:37:24:Infinity":1}}}
,"D:\\Project\\Sentinel\\Back-End\\src\\controllers\\notifications\\alert.controller.ts": {"path":"D:\\Project\\Sentinel\\Back-End\\src\\controllers\\notifications\\alert.controller.ts","statementMap":{"0":{"start":{"line":7,"column":27},"end":{"line":20,"column":null}},"1":{"start":{"line":22,"column":26},"end":{"line":29,"column":null}},"2":{"start":{"line":31,"column":21},"end":{"line":43,"column":null}},"3":{"start":{"line":44,"column":26},"end":{"line":56,"column":null}},"4":{"start":{"line":58,"column":23},"end":{"line":73,"column":null}},"5":{"start":{"line":75,"column":26},"end":{"line":89,"column":null}},"6":{"start":{"line":91,"column":22},"end":{"line":105,"column":null}},"7":{"start":{"line":107,"column":24},"end":{"line":120,"column":null}},"8":{"start":{"line":122,"column":28},"end":{"line":137,"column":null}},"9":{"start":{"line":8,"column":4},"end":{"line":19,"column":null}},"10":{"start":{"line":9,"column":29},"end":{"line":9,"column":null}},"11":{"start":{"line":11,"column":6},"end":{"line":16,"column":null}},"12":{"start":{"line":18,"column":6},"end":{"line":18,"column":null}},"13":{"start":{"line":23,"column":27},"end":{"line":23,"column":null}},"14":{"start":{"line":24,"column":4},"end":{"line":28,"column":null}},"15":{"start":{"line":32,"column":4},"end":{"line":42,"column":null}},"16":{"start":{"line":33,"column":32},"end":{"line":33,"column":null}},"17":{"start":{"line":34,"column":21},"end":{"line":34,"column":null}},"18":{"start":{"line":35,"column":6},"end":{"line":39,"column":null}},"19":{"start":{"line":41,"column":6},"end":{"line":41,"column":null}},"20":{"start":{"line":45,"column":4},"end":{"line":55,"column":null}},"21":{"start":{"line":46,"column":26},"end":{"line":46,"column":null}},"22":{"start":{"line":47,"column":20},"end":{"line":47,"column":null}},"23":{"start":{"line":48,"column":6},"end":{"line":52,"column":null}},"24":{"start":{"line":54,"column":6},"end":{"line":54,"column":null}},"25":{"start":{"line":59,"column":4},"end":{"line":72,"column":null}},"26":{"start":{"line":60,"column":20},"end":{"line":60,"column":null}},"27":{"start":{"line":61,"column":6},"end":{"line":61,"column":null}},"28":{"start":{"line":61,"column":21},"end":{"line":61,"column":null}},"29":{"start":{"line":63,"column":26},"end":{"line":63,"column":null}},"30":{"start":{"line":64,"column":20},"end":{"line":64,"column":null}},"31":{"start":{"line":65,"column":6},"end":{"line":69,"column":null}},"32":{"start":{"line":71,"column":6},"end":{"line":71,"column":null}},"33":{"start":{"line":76,"column":4},"end":{"line":88,"column":null}},"34":{"start":{"line":77,"column":20},"end":{"line":77,"column":null}},"35":{"start":{"line":78,"column":6},"end":{"line":78,"column":null}},"36":{"start":{"line":78,"column":21},"end":{"line":78,"column":null}},"37":{"start":{"line":80,"column":21},"end":{"line":80,"column":null}},"38":{"start":{"line":81,"column":6},"end":{"line":85,"column":null}},"39":{"start":{"line":87,"column":6},"end":{"line":87,"column":null}},"40":{"start":{"line":92,"column":4},"end":{"line":104,"column":null}},"41":{"start":{"line":93,"column":27},"end":{"line":93,"column":null}},"42":{"start":{"line":94,"column":21},"end":{"line":94,"column":null}},"43":{"start":{"line":95,"column":6},"end":{"line":101,"column":null}},"44":{"start":{"line":103,"column":6},"end":{"line":103,"column":null}},"45":{"start":{"line":108,"column":4},"end":{"line":119,"column":null}},"46":{"start":{"line":109,"column":26},"end":{"line":109,"column":null}},"47":{"start":{"line":110,"column":27},"end":{"line":110,"column":null}},"48":{"start":{"line":112,"column":6},"end":{"line":116,"column":null}},"49":{"start":{"line":118,"column":6},"end":{"line":118,"column":null}},"50":{"start":{"line":123,"column":4},"end":{"line":136,"column":null}},"51":{"start":{"line":124,"column":27},"end":{"line":124,"column":null}},"52":{"start":{"line":125,"column":28},"end":{"line":127,"column":null}},"53":{"start":{"line":126,"column":42},"end":{"line":126,"column":76}},"54":{"start":{"line":129,"column":6},"end":{"line":133,"column":null}},"55":{"start":{"line":135,"column":6},"end":{"line":135,"column":null}},"56":{"start":{"line":140,"column":31},"end":{"line":140,"column":null}}},"fnMap":{"0":{"name":"(anonymous_0)","decl":{"start":{"line":7,"column":27},"end":{"line":7,"column":34}},"loc":{"start":{"line":7,"column":86},"end":{"line":20,"column":null}},"line":7},"1":{"name":"(anonymous_1)","decl":{"start":{"line":22,"column":26},"end":{"line":22,"column":33}},"loc":{"start":{"line":22,"column":85},"end":{"line":29,"column":null}},"line":22},"2":{"name":"(anonymous_2)","decl":{"start":{"line":31,"column":21},"end":{"line":31,"column":28}},"loc":{"start":{"line":31,"column":80},"end":{"line":43,"column":null}},"line":31},"3":{"name":"(anonymous_3)","decl":{"start":{"line":44,"column":26},"end":{"line":44,"column":33}},"loc":{"start":{"line":44,"column":85},"end":{"line":56,"column":null}},"line":44},"4":{"name":"(anonymous_4)","decl":{"start":{"line":58,"column":23},"end":{"line":58,"column":30}},"loc":{"start":{"line":58,"column":82},"end":{"line":73,"column":null}},"line":58},"5":{"name":"(anonymous_5)","decl":{"start":{"line":75,"column":26},"end":{"line":75,"column":33}},"loc":{"start":{"line":75,"column":85},"end":{"line":89,"column":null}},"line":75},"6":{"name":"(anonymous_6)","decl":{"start":{"line":91,"column":22},"end":{"line":91,"column":29}},"loc":{"start":{"line":91,"column":81},"end":{"line":105,"column":null}},"line":91},"7":{"name":"(anonymous_7)","decl":{"start":{"line":107,"column":24},"end":{"line":107,"column":31}},"loc":{"start":{"line":107,"column":83},"end":{"line":120,"column":null}},"line":107},"8":{"name":"(anonymous_8)","decl":{"start":{"line":122,"column":28},"end":{"line":122,"column":35}},"loc":{"start":{"line":122,"column":87},"end":{"line":137,"column":null}},"line":122},"9":{"name":"(anonymous_9)","decl":{"start":{"line":126,"column":21},"end":{"line":126,"column":22}},"loc":{"start":{"line":126,"column":42},"end":{"line":126,"column":76}},"line":126}},"branchMap":{"0":{"loc":{"start":{"line":61,"column":6},"end":{"line":61,"column":null}},"type":"if","locations":[{"start":{"line":61,"column":6},"end":{"line":61,"column":null}},{"start":{},"end":{}}],"line":61},"1":{"loc":{"start":{"line":78,"column":6},"end":{"line":78,"column":null}},"type":"if","locations":[{"start":{"line":78,"column":6},"end":{"line":78,"column":null}},{"start":{},"end":{}}],"line":78}},"s":{"0":0,"1":0,"2":0,"3":0,"4":0,"5":0,"6":0,"7":0,"8":0,"9":0,"10":0,"11":0,"12":0,"13":0,"14":0,"15":0,"16":0,"17":0,"18":0,"19":0,"20":0,"21":0,"22":0,"23":0,"24":0,"25":0,"26":0,"27":0,"28":0,"29":0,"30":0,"31":0,"32":0,"33":0,"34":0,"35":0,"36":0,"37":0,"38":0,"39":0,"40":0,"41":0,"42":0,"43":0,"44":0,"45":0,"46":0,"47":0,"48":0,"49":0,"50":0,"51":0,"52":0,"53":0,"54":0,"55":0,"56":0},"f":{"0":0,"1":0,"2":0,"3":0,"4":0,"5":0,"6":0,"7":0,"8":0,"9":0},"b":{"0":[0,0],"1":[0,0]},"meta":{"lastBranch":2,"lastFunction":10,"lastStatement":57,"seen":{"s:7:27:20:Infinity":0,"s:22:26:29:Infinity":1,"s:31:21:43:Infinity":2,"s:44:26:56:Infinity":3,"s:58:23:73:Infinity":4,"s:75:26:89:Infinity":5,"s:91:22:105:Infinity":6,"s:107:24:120:Infinity":7,"s:122:28:137:Infinity":8,"f:7:27:7:34":0,"s:8:4:19:Infinity":9,"s:9:29:9:Infinity":10,"s:11:6:16:Infinity":11,"s:18:6:18:Infinity":12,"f:22:26:22:33":1,"s:23:27:23:Infinity":13,"s:24:4:28:Infinity":14,"f:31:21:31:28":2,"s:32:4:42:Infinity":15,"s:33:32:33:Infinity":16,"s:34:21:34:Infinity":17,"s:35:6:39:Infinity":18,"s:41:6:41:Infinity":19,"f:44:26:44:33":3,"s:45:4:55:Infinity":20,"s:46:26:46:Infinity":21,"s:47:20:47:Infinity":22,"s:48:6:52:Infinity":23,"s:54:6:54:Infinity":24,"f:58:23:58:30":4,"s:59:4:72:Infinity":25,"s:60:20:60:Infinity":26,"b:61:6:61:Infinity:undefined:undefined:undefined:undefined":0,"s:61:6:61:Infinity":27,"s:61:21:61:Infinity":28,"s:63:26:63:Infinity":29,"s:64:20:64:Infinity":30,"s:65:6:69:Infinity":31,"s:71:6:71:Infinity":32,"f:75:26:75:33":5,"s:76:4:88:Infinity":33,"s:77:20:77:Infinity":34,"b:78:6:78:Infinity:undefined:undefined:undefined:undefined":1,"s:78:6:78:Infinity":35,"s:78:21:78:Infinity":36,"s:80:21:80:Infinity":37,"s:81:6:85:Infinity":38,"s:87:6:87:Infinity":39,"f:91:22:91:29":6,"s:92:4:104:Infinity":40,"s:93:27:93:Infinity":41,"s:94:21:94:Infinity":42,"s:95:6:101:Infinity":43,"s:103:6:103:Infinity":44,"f:107:24:107:31":7,"s:108:4:119:Infinity":45,"s:109:26:109:Infinity":46,"s:110:27:110:Infinity":47,"s:112:6:116:Infinity":48,"s:118:6:118:Infinity":49,"f:122:28:122:35":8,"s:123:4:136:Infinity":50,"s:124:27:124:Infinity":51,"s:125:28:127:Infinity":52,"f:126:21:126:22":9,"s:126:42:126:76":53,"s:129:6:133:Infinity":54,"s:135:6:135:Infinity":55,"s:140:31:140:Infinity":56}}}
,"D:\\Project\\Sentinel\\Back-End\\src\\controllers\\notifications\\notification.controller.ts": {"path":"D:\\Project\\Sentinel\\Back-End\\src\\controllers\\notifications\\notification.controller.ts","statementMap":{"0":{"start":{"line":24,"column":27},"end":{"line":39,"column":null}},"1":{"start":{"line":41,"column":22},"end":{"line":45,"column":null}},"2":{"start":{"line":47,"column":25},"end":{"line":54,"column":null}},"3":{"start":{"line":56,"column":21},"end":{"line":66,"column":null}},"4":{"start":{"line":68,"column":22},"end":{"line":85,"column":null}},"5":{"start":{"line":87,"column":21},"end":{"line":98,"column":null}},"6":{"start":{"line":21,"column":4},"end":{"line":21,"column":null}},"7":{"start":{"line":25,"column":19},"end":{"line":25,"column":null}},"8":{"start":{"line":26,"column":4},"end":{"line":28,"column":null}},"9":{"start":{"line":27,"column":6},"end":{"line":27,"column":null}},"10":{"start":{"line":30,"column":27},"end":{"line":30,"column":null}},"11":{"start":{"line":31,"column":4},"end":{"line":38,"column":null}},"12":{"start":{"line":42,"column":31},"end":{"line":42,"column":null}},"13":{"start":{"line":43,"column":19},"end":{"line":43,"column":null}},"14":{"start":{"line":44,"column":4},"end":{"line":44,"column":null}},"15":{"start":{"line":48,"column":20},"end":{"line":48,"column":null}},"16":{"start":{"line":49,"column":4},"end":{"line":51,"column":null}},"17":{"start":{"line":50,"column":6},"end":{"line":50,"column":null}},"18":{"start":{"line":52,"column":19},"end":{"line":52,"column":null}},"19":{"start":{"line":53,"column":4},"end":{"line":53,"column":null}},"20":{"start":{"line":57,"column":20},"end":{"line":57,"column":null}},"21":{"start":{"line":58,"column":4},"end":{"line":60,"column":null}},"22":{"start":{"line":59,"column":6},"end":{"line":59,"column":null}},"23":{"start":{"line":61,"column":19},"end":{"line":61,"column":null}},"24":{"start":{"line":62,"column":4},"end":{"line":65,"column":null}},"25":{"start":{"line":69,"column":20},"end":{"line":69,"column":null}},"26":{"start":{"line":70,"column":4},"end":{"line":72,"column":null}},"27":{"start":{"line":71,"column":6},"end":{"line":71,"column":null}},"28":{"start":{"line":74,"column":32},"end":{"line":74,"column":null}},"29":{"start":{"line":76,"column":19},"end":{"line":76,"column":null}},"30":{"start":{"line":78,"column":4},"end":{"line":84,"column":null}},"31":{"start":{"line":88,"column":20},"end":{"line":88,"column":null}},"32":{"start":{"line":89,"column":4},"end":{"line":91,"column":null}},"33":{"start":{"line":90,"column":6},"end":{"line":90,"column":null}},"34":{"start":{"line":92,"column":19},"end":{"line":92,"column":null}},"35":{"start":{"line":93,"column":4},"end":{"line":97,"column":null}}},"fnMap":{"0":{"name":"(anonymous_0)","decl":{"start":{"line":20,"column":2},"end":{"line":20,"column":16}},"loc":{"start":{"line":20,"column":16},"end":{"line":22,"column":null}},"line":20},"1":{"name":"(anonymous_1)","decl":{"start":{"line":24,"column":27},"end":{"line":24,"column":34}},"loc":{"start":{"line":24,"column":81},"end":{"line":39,"column":null}},"line":24},"2":{"name":"(anonymous_2)","decl":{"start":{"line":41,"column":22},"end":{"line":41,"column":29}},"loc":{"start":{"line":41,"column":76},"end":{"line":45,"column":null}},"line":41},"3":{"name":"(anonymous_3)","decl":{"start":{"line":47,"column":25},"end":{"line":47,"column":32}},"loc":{"start":{"line":47,"column":79},"end":{"line":54,"column":null}},"line":47},"4":{"name":"(anonymous_4)","decl":{"start":{"line":56,"column":21},"end":{"line":56,"column":28}},"loc":{"start":{"line":56,"column":75},"end":{"line":66,"column":null}},"line":56},"5":{"name":"(anonymous_5)","decl":{"start":{"line":68,"column":22},"end":{"line":68,"column":29}},"loc":{"start":{"line":68,"column":76},"end":{"line":85,"column":null}},"line":68},"6":{"name":"(anonymous_6)","decl":{"start":{"line":87,"column":21},"end":{"line":87,"column":28}},"loc":{"start":{"line":87,"column":75},"end":{"line":98,"column":null}},"line":87}},"branchMap":{"0":{"loc":{"start":{"line":26,"column":4},"end":{"line":28,"column":null}},"type":"if","locations":[{"start":{"line":26,"column":4},"end":{"line":28,"column":null}},{"start":{},"end":{}}],"line":26},"1":{"loc":{"start":{"line":49,"column":4},"end":{"line":51,"column":null}},"type":"if","locations":[{"start":{"line":49,"column":4},"end":{"line":51,"column":null}},{"start":{},"end":{}}],"line":49},"2":{"loc":{"start":{"line":58,"column":4},"end":{"line":60,"column":null}},"type":"if","locations":[{"start":{"line":58,"column":4},"end":{"line":60,"column":null}},{"start":{},"end":{}}],"line":58},"3":{"loc":{"start":{"line":70,"column":4},"end":{"line":72,"column":null}},"type":"if","locations":[{"start":{"line":70,"column":4},"end":{"line":72,"column":null}},{"start":{},"end":{}}],"line":70},"4":{"loc":{"start":{"line":89,"column":4},"end":{"line":91,"column":null}},"type":"if","locations":[{"start":{"line":89,"column":4},"end":{"line":91,"column":null}},{"start":{},"end":{}}],"line":89}},"s":{"0":0,"1":0,"2":0,"3":0,"4":0,"5":0,"6":0,"7":0,"8":0,"9":0,"10":0,"11":0,"12":0,"13":0,"14":0,"15":0,"16":0,"17":0,"18":0,"19":0,"20":0,"21":0,"22":0,"23":0,"24":0,"25":0,"26":0,"27":0,"28":0,"29":0,"30":0,"31":0,"32":0,"33":0,"34":0,"35":0},"f":{"0":0,"1":0,"2":0,"3":0,"4":0,"5":0,"6":0},"b":{"0":[0,0],"1":[0,0],"2":[0,0],"3":[0,0],"4":[0,0]},"meta":{"lastBranch":5,"lastFunction":7,"lastStatement":36,"seen":{"s:24:27:39:Infinity":0,"s:41:22:45:Infinity":1,"s:47:25:54:Infinity":2,"s:56:21:66:Infinity":3,"s:68:22:85:Infinity":4,"s:87:21:98:Infinity":5,"f:20:2:20:16":0,"s:21:4:21:Infinity":6,"f:24:27:24:34":1,"s:25:19:25:Infinity":7,"b:26:4:28:Infinity:undefined:undefined:undefined:undefined":0,"s:26:4:28:Infinity":8,"s:27:6:27:Infinity":9,"s:30:27:30:Infinity":10,"s:31:4:38:Infinity":11,"f:41:22:41:29":2,"s:42:31:42:Infinity":12,"s:43:19:43:Infinity":13,"s:44:4:44:Infinity":14,"f:47:25:47:32":3,"s:48:20:48:Infinity":15,"b:49:4:51:Infinity:undefined:undefined:undefined:undefined":1,"s:49:4:51:Infinity":16,"s:50:6:50:Infinity":17,"s:52:19:52:Infinity":18,"s:53:4:53:Infinity":19,"f:56:21:56:28":4,"s:57:20:57:Infinity":20,"b:58:4:60:Infinity:undefined:undefined:undefined:undefined":2,"s:58:4:60:Infinity":21,"s:59:6:59:Infinity":22,"s:61:19:61:Infinity":23,"s:62:4:65:Infinity":24,"f:68:22:68:29":5,"s:69:20:69:Infinity":25,"b:70:4:72:Infinity:undefined:undefined:undefined:undefined":3,"s:70:4:72:Infinity":26,"s:71:6:71:Infinity":27,"s:74:32:74:Infinity":28,"s:76:19:76:Infinity":29,"s:78:4:84:Infinity":30,"f:87:21:87:28":6,"s:88:20:88:Infinity":31,"b:89:4:91:Infinity:undefined:undefined:undefined:undefined":4,"s:89:4:91:Infinity":32,"s:90:6:90:Infinity":33,"s:92:19:92:Infinity":34,"s:93:4:97:Infinity":35}}}
,"D:\\Project\\Sentinel\\Back-End\\src\\controllers\\operations\\dailyLogbook.controller.ts": {"path":"D:\\Project\\Sentinel\\Back-End\\src\\controllers\\operations\\dailyLogbook.controller.ts","statementMap":{"0":{"start":{"line":7,"column":18},"end":{"line":16,"column":null}},"1":{"start":{"line":18,"column":19},"end":{"line":26,"column":null}},"2":{"start":{"line":28,"column":20},"end":{"line":40,"column":null}},"3":{"start":{"line":42,"column":18},"end":{"line":65,"column":null}},"4":{"start":{"line":67,"column":18},"end":{"line":75,"column":null}},"5":{"start":{"line":8,"column":4},"end":{"line":15,"column":null}},"6":{"start":{"line":9,"column":20},"end":{"line":9,"column":null}},"7":{"start":{"line":11,"column":23},"end":{"line":11,"column":null}},"8":{"start":{"line":12,"column":6},"end":{"line":12,"column":null}},"9":{"start":{"line":14,"column":6},"end":{"line":14,"column":null}},"10":{"start":{"line":19,"column":4},"end":{"line":25,"column":null}},"11":{"start":{"line":20,"column":24},"end":{"line":20,"column":null}},"12":{"start":{"line":21,"column":22},"end":{"line":21,"column":null}},"13":{"start":{"line":22,"column":6},"end":{"line":22,"column":null}},"14":{"start":{"line":24,"column":6},"end":{"line":24,"column":null}},"15":{"start":{"line":29,"column":4},"end":{"line":39,"column":null}},"16":{"start":{"line":30,"column":23},"end":{"line":30,"column":null}},"17":{"start":{"line":31,"column":21},"end":{"line":31,"column":null}},"18":{"start":{"line":32,"column":6},"end":{"line":36,"column":null}},"19":{"start":{"line":38,"column":6},"end":{"line":38,"column":null}},"20":{"start":{"line":43,"column":4},"end":{"line":64,"column":null}},"21":{"start":{"line":44,"column":20},"end":{"line":44,"column":null}},"22":{"start":{"line":45,"column":6},"end":{"line":47,"column":null}},"23":{"start":{"line":46,"column":8},"end":{"line":46,"column":null}},"24":{"start":{"line":49,"column":24},"end":{"line":49,"column":null}},"25":{"start":{"line":50,"column":31},"end":{"line":50,"column":null}},"26":{"start":{"line":52,"column":29},"end":{"line":55,"column":null}},"27":{"start":{"line":57,"column":6},"end":{"line":61,"column":null}},"28":{"start":{"line":63,"column":6},"end":{"line":63,"column":null}},"29":{"start":{"line":68,"column":4},"end":{"line":74,"column":null}},"30":{"start":{"line":69,"column":24},"end":{"line":69,"column":null}},"31":{"start":{"line":70,"column":6},"end":{"line":70,"column":null}},"32":{"start":{"line":71,"column":6},"end":{"line":71,"column":null}},"33":{"start":{"line":73,"column":6},"end":{"line":73,"column":null}},"34":{"start":{"line":78,"column":38},"end":{"line":78,"column":null}}},"fnMap":{"0":{"name":"(anonymous_0)","decl":{"start":{"line":7,"column":18},"end":{"line":7,"column":25}},"loc":{"start":{"line":7,"column":77},"end":{"line":16,"column":null}},"line":7},"1":{"name":"(anonymous_1)","decl":{"start":{"line":18,"column":19},"end":{"line":18,"column":26}},"loc":{"start":{"line":18,"column":78},"end":{"line":26,"column":null}},"line":18},"2":{"name":"(anonymous_2)","decl":{"start":{"line":28,"column":20},"end":{"line":28,"column":27}},"loc":{"start":{"line":28,"column":79},"end":{"line":40,"column":null}},"line":28},"3":{"name":"(anonymous_3)","decl":{"start":{"line":42,"column":18},"end":{"line":42,"column":25}},"loc":{"start":{"line":42,"column":77},"end":{"line":65,"column":null}},"line":42},"4":{"name":"(anonymous_4)","decl":{"start":{"line":67,"column":18},"end":{"line":67,"column":25}},"loc":{"start":{"line":67,"column":77},"end":{"line":75,"column":null}},"line":67}},"branchMap":{"0":{"loc":{"start":{"line":45,"column":6},"end":{"line":47,"column":null}},"type":"if","locations":[{"start":{"line":45,"column":6},"end":{"line":47,"column":null}},{"start":{},"end":{}}],"line":45}},"s":{"0":0,"1":0,"2":0,"3":0,"4":0,"5":0,"6":0,"7":0,"8":0,"9":0,"10":0,"11":0,"12":0,"13":0,"14":0,"15":0,"16":0,"17":0,"18":0,"19":0,"20":0,"21":0,"22":0,"23":0,"24":0,"25":0,"26":0,"27":0,"28":0,"29":0,"30":0,"31":0,"32":0,"33":0,"34":0},"f":{"0":0,"1":0,"2":0,"3":0,"4":0},"b":{"0":[0,0]},"meta":{"lastBranch":1,"lastFunction":5,"lastStatement":35,"seen":{"s:7:18:16:Infinity":0,"s:18:19:26:Infinity":1,"s:28:20:40:Infinity":2,"s:42:18:65:Infinity":3,"s:67:18:75:Infinity":4,"f:7:18:7:25":0,"s:8:4:15:Infinity":5,"s:9:20:9:Infinity":6,"s:11:23:11:Infinity":7,"s:12:6:12:Infinity":8,"s:14:6:14:Infinity":9,"f:18:19:18:26":1,"s:19:4:25:Infinity":10,"s:20:24:20:Infinity":11,"s:21:22:21:Infinity":12,"s:22:6:22:Infinity":13,"s:24:6:24:Infinity":14,"f:28:20:28:27":2,"s:29:4:39:Infinity":15,"s:30:23:30:Infinity":16,"s:31:21:31:Infinity":17,"s:32:6:36:Infinity":18,"s:38:6:38:Infinity":19,"f:42:18:42:25":3,"s:43:4:64:Infinity":20,"s:44:20:44:Infinity":21,"b:45:6:47:Infinity:undefined:undefined:undefined:undefined":0,"s:45:6:47:Infinity":22,"s:46:8:46:Infinity":23,"s:49:24:49:Infinity":24,"s:50:31:50:Infinity":25,"s:52:29:55:Infinity":26,"s:57:6:61:Infinity":27,"s:63:6:63:Infinity":28,"f:67:18:67:25":4,"s:68:4:74:Infinity":29,"s:69:24:69:Infinity":30,"s:70:6:70:Infinity":31,"s:71:6:71:Infinity":32,"s:73:6:73:Infinity":33,"s:78:38:78:Infinity":34}}}
,"D:\\Project\\Sentinel\\Back-End\\src\\controllers\\operations\\pax.controller.ts": {"path":"D:\\Project\\Sentinel\\Back-End\\src\\controllers\\operations\\pax.controller.ts","statementMap":{"0":{"start":{"line":18,"column":4},"end":{"line":18,"column":null}}},"fnMap":{"0":{"name":"(anonymous_0)","decl":{"start":{"line":17,"column":2},"end":{"line":17,"column":16}},"loc":{"start":{"line":17,"column":16},"end":{"line":19,"column":null}},"line":17}},"branchMap":{},"s":{"0":0},"f":{"0":0},"b":{},"meta":{"lastBranch":0,"lastFunction":1,"lastStatement":1,"seen":{"f:17:2:17:16":0,"s:18:4:18:Infinity":0}}}
,"D:\\Project\\Sentinel\\Back-End\\src\\controllers\\report\\analysis.controller.ts": {"path":"D:\\Project\\Sentinel\\Back-End\\src\\controllers\\report\\analysis.controller.ts","statementMap":{"0":{"start":{"line":6,"column":28},"end":{"line":6,"column":null}},"1":{"start":{"line":9,"column":39},"end":{"line":21,"column":null}},"2":{"start":{"line":24,"column":31},"end":{"line":36,"column":null}},"3":{"start":{"line":38,"column":28},"end":{"line":50,"column":null}},"4":{"start":{"line":52,"column":28},"end":{"line":68,"column":null}},"5":{"start":{"line":70,"column":35},"end":{"line":82,"column":null}},"6":{"start":{"line":84,"column":27},"end":{"line":96,"column":null}},"7":{"start":{"line":99,"column":38},"end":{"line":117,"column":null}},"8":{"start":{"line":10,"column":4},"end":{"line":20,"column":null}},"9":{"start":{"line":11,"column":20},"end":{"line":11,"column":null}},"10":{"start":{"line":12,"column":21},"end":{"line":12,"column":null}},"11":{"start":{"line":13,"column":6},"end":{"line":17,"column":null}},"12":{"start":{"line":19,"column":6},"end":{"line":19,"column":null}},"13":{"start":{"line":25,"column":4},"end":{"line":35,"column":null}},"14":{"start":{"line":26,"column":23},"end":{"line":26,"column":null}},"15":{"start":{"line":27,"column":21},"end":{"line":27,"column":null}},"16":{"start":{"line":28,"column":6},"end":{"line":32,"column":null}},"17":{"start":{"line":34,"column":6},"end":{"line":34,"column":null}},"18":{"start":{"line":39,"column":4},"end":{"line":49,"column":null}},"19":{"start":{"line":40,"column":25},"end":{"line":40,"column":null}},"20":{"start":{"line":41,"column":21},"end":{"line":41,"column":null}},"21":{"start":{"line":42,"column":6},"end":{"line":46,"column":null}},"22":{"start":{"line":48,"column":6},"end":{"line":48,"column":null}},"23":{"start":{"line":53,"column":4},"end":{"line":67,"column":null}},"24":{"start":{"line":54,"column":20},"end":{"line":54,"column":null}},"25":{"start":{"line":56,"column":25},"end":{"line":56,"column":null}},"26":{"start":{"line":58,"column":21},"end":{"line":58,"column":null}},"27":{"start":{"line":60,"column":6},"end":{"line":64,"column":null}},"28":{"start":{"line":66,"column":6},"end":{"line":66,"column":null}},"29":{"start":{"line":71,"column":4},"end":{"line":81,"column":null}},"30":{"start":{"line":72,"column":33},"end":{"line":72,"column":null}},"31":{"start":{"line":73,"column":21},"end":{"line":73,"column":null}},"32":{"start":{"line":74,"column":6},"end":{"line":78,"column":null}},"33":{"start":{"line":80,"column":6},"end":{"line":80,"column":null}},"34":{"start":{"line":85,"column":4},"end":{"line":95,"column":null}},"35":{"start":{"line":86,"column":29},"end":{"line":86,"column":null}},"36":{"start":{"line":87,"column":21},"end":{"line":87,"column":null}},"37":{"start":{"line":88,"column":6},"end":{"line":92,"column":null}},"38":{"start":{"line":94,"column":6},"end":{"line":94,"column":null}},"39":{"start":{"line":100,"column":4},"end":{"line":116,"column":null}},"40":{"start":{"line":101,"column":67},"end":{"line":101,"column":null}},"41":{"start":{"line":102,"column":21},"end":{"line":107,"column":null}},"42":{"start":{"line":109,"column":6},"end":{"line":113,"column":null}},"43":{"start":{"line":115,"column":6},"end":{"line":115,"column":null}},"44":{"start":{"line":120,"column":34},"end":{"line":120,"column":null}}},"fnMap":{"0":{"name":"(anonymous_0)","decl":{"start":{"line":9,"column":39},"end":{"line":9,"column":46}},"loc":{"start":{"line":9,"column":98},"end":{"line":21,"column":null}},"line":9},"1":{"name":"(anonymous_1)","decl":{"start":{"line":24,"column":31},"end":{"line":24,"column":38}},"loc":{"start":{"line":24,"column":90},"end":{"line":36,"column":null}},"line":24},"2":{"name":"(anonymous_2)","decl":{"start":{"line":38,"column":28},"end":{"line":38,"column":35}},"loc":{"start":{"line":38,"column":87},"end":{"line":50,"column":null}},"line":38},"3":{"name":"(anonymous_3)","decl":{"start":{"line":52,"column":28},"end":{"line":52,"column":35}},"loc":{"start":{"line":52,"column":87},"end":{"line":68,"column":null}},"line":52},"4":{"name":"(anonymous_4)","decl":{"start":{"line":70,"column":35},"end":{"line":70,"column":42}},"loc":{"start":{"line":70,"column":94},"end":{"line":82,"column":null}},"line":70},"5":{"name":"(anonymous_5)","decl":{"start":{"line":84,"column":27},"end":{"line":84,"column":34}},"loc":{"start":{"line":84,"column":86},"end":{"line":96,"column":null}},"line":84},"6":{"name":"(anonymous_6)","decl":{"start":{"line":99,"column":38},"end":{"line":99,"column":45}},"loc":{"start":{"line":99,"column":97},"end":{"line":117,"column":null}},"line":99}},"branchMap":{"0":{"loc":{"start":{"line":56,"column":25},"end":{"line":56,"column":null}},"type":"binary-expr","locations":[{"start":{"line":56,"column":25},"end":{"line":56,"column":40}},{"start":{"line":56,"column":32},"end":{"line":56,"column":null}}],"line":56}},"s":{"0":0,"1":0,"2":0,"3":0,"4":0,"5":0,"6":0,"7":0,"8":0,"9":0,"10":0,"11":0,"12":0,"13":0,"14":0,"15":0,"16":0,"17":0,"18":0,"19":0,"20":0,"21":0,"22":0,"23":0,"24":0,"25":0,"26":0,"27":0,"28":0,"29":0,"30":0,"31":0,"32":0,"33":0,"34":0,"35":0,"36":0,"37":0,"38":0,"39":0,"40":0,"41":0,"42":0,"43":0,"44":0},"f":{"0":0,"1":0,"2":0,"3":0,"4":0,"5":0,"6":0},"b":{"0":[0,0]},"meta":{"lastBranch":1,"lastFunction":7,"lastStatement":45,"seen":{"s:6:28:6:Infinity":0,"s:9:39:21:Infinity":1,"s:24:31:36:Infinity":2,"s:38:28:50:Infinity":3,"s:52:28:68:Infinity":4,"s:70:35:82:Infinity":5,"s:84:27:96:Infinity":6,"s:99:38:117:Infinity":7,"f:9:39:9:46":0,"s:10:4:20:Infinity":8,"s:11:20:11:Infinity":9,"s:12:21:12:Infinity":10,"s:13:6:17:Infinity":11,"s:19:6:19:Infinity":12,"f:24:31:24:38":1,"s:25:4:35:Infinity":13,"s:26:23:26:Infinity":14,"s:27:21:27:Infinity":15,"s:28:6:32:Infinity":16,"s:34:6:34:Infinity":17,"f:38:28:38:35":2,"s:39:4:49:Infinity":18,"s:40:25:40:Infinity":19,"s:41:21:41:Infinity":20,"s:42:6:46:Infinity":21,"s:48:6:48:Infinity":22,"f:52:28:52:35":3,"s:53:4:67:Infinity":23,"s:54:20:54:Infinity":24,"s:56:25:56:Infinity":25,"b:56:25:56:40:56:32:56:Infinity":0,"s:58:21:58:Infinity":26,"s:60:6:64:Infinity":27,"s:66:6:66:Infinity":28,"f:70:35:70:42":4,"s:71:4:81:Infinity":29,"s:72:33:72:Infinity":30,"s:73:21:73:Infinity":31,"s:74:6:78:Infinity":32,"s:80:6:80:Infinity":33,"f:84:27:84:34":5,"s:85:4:95:Infinity":34,"s:86:29:86:Infinity":35,"s:87:21:87:Infinity":36,"s:88:6:92:Infinity":37,"s:94:6:94:Infinity":38,"f:99:38:99:45":6,"s:100:4:116:Infinity":39,"s:101:67:101:Infinity":40,"s:102:21:107:Infinity":41,"s:109:6:113:Infinity":42,"s:115:6:115:Infinity":43,"s:120:34:120:Infinity":44}}}
,"D:\\Project\\Sentinel\\Back-End\\src\\controllers\\report\\dailySummary.controller.ts": {"path":"D:\\Project\\Sentinel\\Back-End\\src\\controllers\\report\\dailySummary.controller.ts","statementMap":{"0":{"start":{"line":26,"column":28},"end":{"line":36,"column":null}},"1":{"start":{"line":23,"column":4},"end":{"line":23,"column":null}},"2":{"start":{"line":27,"column":22},"end":{"line":27,"column":null}},"3":{"start":{"line":29,"column":19},"end":{"line":29,"column":null}},"4":{"start":{"line":31,"column":4},"end":{"line":35,"column":null}},"5":{"start":{"line":39,"column":38},"end":{"line":39,"column":null}}},"fnMap":{"0":{"name":"(anonymous_0)","decl":{"start":{"line":22,"column":2},"end":{"line":22,"column":16}},"loc":{"start":{"line":22,"column":16},"end":{"line":24,"column":null}},"line":22},"1":{"name":"(anonymous_1)","decl":{"start":{"line":26,"column":28},"end":{"line":26,"column":35}},"loc":{"start":{"line":26,"column":67},"end":{"line":36,"column":null}},"line":26}},"branchMap":{},"s":{"0":0,"1":0,"2":0,"3":0,"4":0,"5":0},"f":{"0":0,"1":0},"b":{},"meta":{"lastBranch":0,"lastFunction":2,"lastStatement":6,"seen":{"s:26:28:36:Infinity":0,"f:22:2:22:16":0,"s:23:4:23:Infinity":1,"f:26:28:26:35":1,"s:27:22:27:Infinity":2,"s:29:19:29:Infinity":3,"s:31:4:35:Infinity":4,"s:39:38:39:Infinity":5}}}
,"D:\\Project\\Sentinel\\Back-End\\src\\controllers\\report\\recap.controller.ts": {"path":"D:\\Project\\Sentinel\\Back-End\\src\\controllers\\report\\recap.controller.ts","statementMap":{"0":{"start":{"line":7,"column":20},"end":{"line":17,"column":null}},"1":{"start":{"line":19,"column":28},"end":{"line":41,"column":null}},"2":{"start":{"line":8,"column":4},"end":{"line":16,"column":null}},"3":{"start":{"line":9,"column":20},"end":{"line":9,"column":null}},"4":{"start":{"line":10,"column":21},"end":{"line":10,"column":null}},"5":{"start":{"line":11,"column":29},"end":{"line":11,"column":null}},"6":{"start":{"line":13,"column":6},"end":{"line":13,"column":null}},"7":{"start":{"line":15,"column":6},"end":{"line":15,"column":null}},"8":{"start":{"line":20,"column":4},"end":{"line":40,"column":null}},"9":{"start":{"line":21,"column":20},"end":{"line":21,"column":null}},"10":{"start":{"line":22,"column":6},"end":{"line":24,"column":null}},"11":{"start":{"line":23,"column":8},"end":{"line":23,"column":null}},"12":{"start":{"line":25,"column":46},"end":{"line":25,"column":null}},"13":{"start":{"line":27,"column":6},"end":{"line":32,"column":null}},"14":{"start":{"line":34,"column":6},"end":{"line":37,"column":null}},"15":{"start":{"line":39,"column":6},"end":{"line":39,"column":null}},"16":{"start":{"line":44,"column":31},"end":{"line":44,"column":null}}},"fnMap":{"0":{"name":"(anonymous_0)","decl":{"start":{"line":7,"column":20},"end":{"line":7,"column":27}},"loc":{"start":{"line":7,"column":79},"end":{"line":17,"column":null}},"line":7},"1":{"name":"(anonymous_1)","decl":{"start":{"line":19,"column":28},"end":{"line":19,"column":35}},"loc":{"start":{"line":19,"column":87},"end":{"line":41,"column":null}},"line":19}},"branchMap":{"0":{"loc":{"start":{"line":22,"column":6},"end":{"line":24,"column":null}},"type":"if","locations":[{"start":{"line":22,"column":6},"end":{"line":24,"column":null}},{"start":{},"end":{}}],"line":22}},"s":{"0":0,"1":0,"2":0,"3":0,"4":0,"5":0,"6":0,"7":0,"8":0,"9":0,"10":0,"11":0,"12":0,"13":0,"14":0,"15":0,"16":0},"f":{"0":0,"1":0},"b":{"0":[0,0]},"meta":{"lastBranch":1,"lastFunction":2,"lastStatement":17,"seen":{"s:7:20:17:Infinity":0,"s:19:28:41:Infinity":1,"f:7:20:7:27":0,"s:8:4:16:Infinity":2,"s:9:20:9:Infinity":3,"s:10:21:10:Infinity":4,"s:11:29:11:Infinity":5,"s:13:6:13:Infinity":6,"s:15:6:15:Infinity":7,"f:19:28:19:35":1,"s:20:4:40:Infinity":8,"s:21:20:21:Infinity":9,"b:22:6:24:Infinity:undefined:undefined:undefined:undefined":0,"s:22:6:24:Infinity":10,"s:23:8:23:Infinity":11,"s:25:46:25:Infinity":12,"s:27:6:32:Infinity":13,"s:34:6:37:Infinity":14,"s:39:6:39:Infinity":15,"s:44:31:44:Infinity":16}}}
,"D:\\Project\\Sentinel\\Back-End\\src\\controllers\\report\\summaryDetail.controller.ts": {"path":"D:\\Project\\Sentinel\\Back-End\\src\\controllers\\report\\summaryDetail.controller.ts","statementMap":{"0":{"start":{"line":22,"column":4},"end":{"line":22,"column":null}}},"fnMap":{"0":{"name":"(anonymous_0)","decl":{"start":{"line":21,"column":2},"end":{"line":21,"column":16}},"loc":{"start":{"line":21,"column":16},"end":{"line":23,"column":null}},"line":21}},"branchMap":{},"s":{"0":0},"f":{"0":0},"b":{},"meta":{"lastBranch":0,"lastFunction":1,"lastStatement":1,"seen":{"f:21:2:21:16":0,"s:22:4:22:Infinity":0}}}
,"D:\\Project\\Sentinel\\Back-End\\src\\controllers\\report\\visualizations.controller.ts": {"path":"D:\\Project\\Sentinel\\Back-End\\src\\controllers\\report\\visualizations.controller.ts","statementMap":{"0":{"start":{"line":18,"column":35},"end":{"line":25,"column":null}},"1":{"start":{"line":19,"column":2},"end":{"line":24,"column":null}},"2":{"start":{"line":20,"column":17},"end":{"line":20,"column":null}},"3":{"start":{"line":21,"column":4},"end":{"line":21,"column":null}},"4":{"start":{"line":23,"column":4},"end":{"line":23,"column":null}},"5":{"start":{"line":27,"column":39},"end":{"line":34,"column":null}},"6":{"start":{"line":28,"column":2},"end":{"line":33,"column":null}},"7":{"start":{"line":29,"column":17},"end":{"line":29,"column":null}},"8":{"start":{"line":30,"column":4},"end":{"line":30,"column":null}},"9":{"start":{"line":32,"column":4},"end":{"line":32,"column":null}},"10":{"start":{"line":36,"column":42},"end":{"line":48,"column":null}},"11":{"start":{"line":41,"column":2},"end":{"line":47,"column":null}},"12":{"start":{"line":42,"column":30},"end":{"line":42,"column":null}},"13":{"start":{"line":43,"column":17},"end":{"line":43,"column":null}},"14":{"start":{"line":44,"column":4},"end":{"line":44,"column":null}},"15":{"start":{"line":46,"column":4},"end":{"line":46,"column":null}},"16":{"start":{"line":50,"column":43},"end":{"line":61,"column":null}},"17":{"start":{"line":55,"column":2},"end":{"line":60,"column":null}},"18":{"start":{"line":56,"column":17},"end":{"line":56,"column":null}},"19":{"start":{"line":57,"column":4},"end":{"line":57,"column":null}},"20":{"start":{"line":59,"column":4},"end":{"line":59,"column":null}},"21":{"start":{"line":63,"column":43},"end":{"line":78,"column":null}},"22":{"start":{"line":68,"column":2},"end":{"line":77,"column":null}},"23":{"start":{"line":69,"column":37},"end":{"line":69,"column":null}},"24":{"start":{"line":70,"column":4},"end":{"line":72,"column":null}},"25":{"start":{"line":71,"column":6},"end":{"line":71,"column":null}},"26":{"start":{"line":73,"column":17},"end":{"line":73,"column":null}},"27":{"start":{"line":74,"column":4},"end":{"line":74,"column":null}},"28":{"start":{"line":76,"column":4},"end":{"line":76,"column":null}},"29":{"start":{"line":79,"column":46},"end":{"line":94,"column":null}},"30":{"start":{"line":84,"column":2},"end":{"line":93,"column":null}},"31":{"start":{"line":85,"column":44},"end":{"line":85,"column":null}},"32":{"start":{"line":86,"column":4},"end":{"line":88,"column":null}},"33":{"start":{"line":87,"column":6},"end":{"line":87,"column":null}},"34":{"start":{"line":89,"column":19},"end":{"line":89,"column":null}},"35":{"start":{"line":90,"column":4},"end":{"line":90,"column":null}},"36":{"start":{"line":92,"column":4},"end":{"line":92,"column":null}},"37":{"start":{"line":96,"column":44},"end":{"line":108,"column":null}},"38":{"start":{"line":101,"column":2},"end":{"line":107,"column":null}},"39":{"start":{"line":102,"column":28},"end":{"line":102,"column":null}},"40":{"start":{"line":103,"column":19},"end":{"line":103,"column":null}},"41":{"start":{"line":104,"column":4},"end":{"line":104,"column":null}},"42":{"start":{"line":106,"column":4},"end":{"line":106,"column":null}},"43":{"start":{"line":110,"column":44},"end":{"line":122,"column":null}},"44":{"start":{"line":115,"column":2},"end":{"line":121,"column":null}},"45":{"start":{"line":116,"column":28},"end":{"line":116,"column":null}},"46":{"start":{"line":117,"column":19},"end":{"line":117,"column":null}},"47":{"start":{"line":118,"column":4},"end":{"line":118,"column":null}},"48":{"start":{"line":120,"column":4},"end":{"line":120,"column":null}},"49":{"start":{"line":124,"column":43},"end":{"line":139,"column":null}},"50":{"start":{"line":129,"column":2},"end":{"line":138,"column":null}},"51":{"start":{"line":130,"column":28},"end":{"line":130,"column":null}},"52":{"start":{"line":131,"column":4},"end":{"line":133,"column":null}},"53":{"start":{"line":132,"column":6},"end":{"line":132,"column":null}},"54":{"start":{"line":134,"column":19},"end":{"line":134,"column":null}},"55":{"start":{"line":135,"column":4},"end":{"line":135,"column":null}},"56":{"start":{"line":137,"column":4},"end":{"line":137,"column":null}},"57":{"start":{"line":141,"column":47},"end":{"line":156,"column":null}},"58":{"start":{"line":146,"column":2},"end":{"line":155,"column":null}},"59":{"start":{"line":147,"column":30},"end":{"line":147,"column":null}},"60":{"start":{"line":148,"column":4},"end":{"line":150,"column":null}},"61":{"start":{"line":149,"column":6},"end":{"line":149,"column":null}},"62":{"start":{"line":151,"column":19},"end":{"line":151,"column":null}},"63":{"start":{"line":152,"column":4},"end":{"line":152,"column":null}},"64":{"start":{"line":154,"column":4},"end":{"line":154,"column":null}},"65":{"start":{"line":158,"column":46},"end":{"line":174,"column":null}},"66":{"start":{"line":163,"column":2},"end":{"line":173,"column":null}},"67":{"start":{"line":164,"column":53},"end":{"line":164
[...]
":45,"column":null}},"4":{"start":{"line":39,"column":8},"end":{"line":41,"column":null}},"5":{"start":{"line":40,"column":10},"end":{"line":40,"column":null}},"6":{"start":{"line":42,"column":28},"end":{"line":42,"column":null}},"7":{"start":{"line":42,"column":68},"end":{"line":42,"column":88}},"8":{"start":{"line":44,"column":8},"end":{"line":44,"column":null}},"9":{"start":{"line":47,"column":6},"end":{"line":47,"column":null}},"10":{"start":{"line":56,"column":34},"end":{"line":59,"column":null}},"11":{"start":{"line":61,"column":37},"end":{"line":72,"column":null}}},"fnMap":{"0":{"name":"(anonymous_0)","decl":{"start":{"line":32,"column":10},"end":{"line":32,"column":11}},"loc":{"start":{"line":32,"column":20},"end":{"line":32,"column":57}},"line":32},"1":{"name":"(anonymous_1)","decl":{"start":{"line":37,"column":4},"end":{"line":37,"column":5}},"loc":{"start":{"line":37,"column":14},"end":{"line":48,"column":null}},"line":37},"2":{"name":"(anonymous_2)","decl":{"start":{"line":42,"column":52},"end":{"line":42,"column":53}},"loc":{"start":{"line":42,"column":68},"end":{"line":42,"column":88}},"line":42}},"branchMap":{"0":{"loc":{"start":{"line":38,"column":6},"end":{"line":45,"column":null}},"type":"if","locations":[{"start":{"line":38,"column":6},"end":{"line":45,"column":null}},{"start":{},"end":{}}],"line":38},"1":{"loc":{"start":{"line":39,"column":8},"end":{"line":41,"column":null}},"type":"if","locations":[{"start":{"line":39,"column":8},"end":{"line":41,"column":null}},{"start":{},"end":{}}],"line":39}},"s":{"0":0,"1":0,"2":0,"3":0,"4":0,"5":0,"6":0,"7":0,"8":0,"9":0,"10":0,"11":0},"f":{"0":0,"1":0,"2":0},"b":{"0":[0,0],"1":[0,0]},"meta":{"lastBranch":2,"lastFunction":3,"lastStatement":12,"seen":{"s:5:40:7:Infinity":0,"s:9:31:54:Infinity":1,"f:32:10:32:11":0,"s:32:20:32:57":2,"f:37:4:37:5":1,"b:38:6:45:Infinity:undefined:undefined:undefined:undefined":0,"s:38:6:45:Infinity":3,"b:39:8:41:Infinity:undefined:undefined:undefined:undefined":1,"s:39:8:41:Infinity":4,"s:40:10:40:Infinity":5,"s:42:28:42:Infinity":6,"f:42:52:42:53":2,"s:42:68:42:88":7,"s:44:8:44:Infinity":8,"s:47:6:47:Infinity":9,"s:56:34:59:Infinity":10,"s:61:37:72:Infinity":11}}}
,"D:\\Project\\Sentinel\\Back-End\\src\\validations\\finance\\priceSchema.validation.ts": {"path":"D:\\Project\\Sentinel\\Back-End\\src\\validations\\finance\\priceSchema.validation.ts","statementMap":{"0":{"start":{"line":5,"column":15},"end":{"line":30,"column":null}},"1":{"start":{"line":24,"column":23},"end":{"line":24,"column":91}},"2":{"start":{"line":24,"column":48},"end":{"line":24,"column":65}},"3":{"start":{"line":32,"column":21},"end":{"line":34,"column":null}},"4":{"start":{"line":36,"column":27},"end":{"line":39,"column":null}},"5":{"start":{"line":41,"column":32},"end":{"line":45,"column":null}}},"fnMap":{"0":{"name":"(anonymous_0)","decl":{"start":{"line":24,"column":12},"end":{"line":24,"column":13}},"loc":{"start":{"line":24,"column":23},"end":{"line":24,"column":91}},"line":24},"1":{"name":"(anonymous_1)","decl":{"start":{"line":24,"column":41},"end":{"line":24,"column":42}},"loc":{"start":{"line":24,"column":48},"end":{"line":24,"column":65}},"line":24}},"branchMap":{},"s":{"0":0,"1":0,"2":0,"3":0,"4":0,"5":0},"f":{"0":0,"1":0},"b":{},"meta":{"lastBranch":0,"lastFunction":2,"lastStatement":6,"seen":{"s:5:15:30:Infinity":0,"f:24:12:24:13":0,"s:24:23:24:91":1,"f:24:41:24:42":1,"s:24:48:24:65":2,"s:32:21:34:Infinity":3,"s:36:27:39:Infinity":4,"s:41:32:45:Infinity":5}}}
,"D:\\Project\\Sentinel\\Back-End\\src\\validations\\finance\\tax.validation.ts": {"path":"D:\\Project\\Sentinel\\Back-End\\src\\validations\\finance\\tax.validation.ts","statementMap":{"0":{"start":{"line":5,"column":25},"end":{"line":9,"column":null}},"1":{"start":{"line":11,"column":26},"end":{"line":13,"column":null}},"2":{"start":{"line":15,"column":25},"end":{"line":18,"column":null}}},"fnMap":{},"branchMap":{},"s":{"0":0,"1":0,"2":0},"f":{},"b":{},"meta":{"lastBranch":0,"lastFunction":0,"lastStatement":3,"seen":{"s:5:25:9:Infinity":0,"s:11:26:13:Infinity":1,"s:15:25:18:Infinity":2}}}
,"D:\\Project\\Sentinel\\Back-End\\src\\validations\\intelligence\\efficiencyTargets.validation.ts": {"path":"D:\\Project\\Sentinel\\Back-End\\src\\validations\\intelligence\\efficiencyTargets.validation.ts","statementMap":{"0":{"start":{"line":5,"column":29},"end":{"line":21,"column":null}},"1":{"start":{"line":18,"column":20},"end":{"line":18,"column":58}},"2":{"start":{"line":23,"column":31},"end":{"line":25,"column":null}},"3":{"start":{"line":27,"column":32},"end":{"line":30,"column":null}}},"fnMap":{"0":{"name":"(anonymous_0)","decl":{"start":{"line":18,"column":10},"end":{"line":18,"column":11}},"loc":{"start":{"line":18,"column":20},"end":{"line":18,"column":58}},"line":18}},"branchMap":{},"s":{"0":0,"1":0,"2":0,"3":0},"f":{"0":0},"b":{},"meta":{"lastBranch":0,"lastFunction":1,"lastStatement":4,"seen":{"s:5:29:21:Infinity":0,"f:18:10:18:11":0,"s:18:20:18:58":1,"s:23:31:25:Infinity":2,"s:27:32:30:Infinity":3}}}
,"D:\\Project\\Sentinel\\Back-End\\src\\validations\\intelligence\\machine.validation.ts": {"path":"D:\\Project\\Sentinel\\Back-End\\src\\validations\\intelligence\\machine.validation.ts","statementMap":{"0":{"start":{"line":3,"column":32},"end":{"line":12,"column":null}},"1":{"start":{"line":16,"column":30},"end":{"line":33,"column":null}},"2":{"start":{"line":29,"column":22},"end":{"line":29,"column":76}}},"fnMap":{"0":{"name":"(anonymous_0)","decl":{"start":{"line":29,"column":12},"end":{"line":29,"column":13}},"loc":{"start":{"line":29,"column":22},"end":{"line":29,"column":76}},"line":29}},"branchMap":{},"s":{"0":0,"1":0,"2":0},"f":{"0":0},"b":{},"meta":{"lastBranch":0,"lastFunction":1,"lastStatement":3,"seen":{"s:3:32:12:Infinity":0,"s:16:30:33:Infinity":1,"f:29:12:29:13":0,"s:29:22:29:76":2}}}
,"D:\\Project\\Sentinel\\Back-End\\src\\validations\\intelligence\\machineLearning.validate.ts": {"path":"D:\\Project\\Sentinel\\Back-End\\src\\validations\\intelligence\\machineLearning.validate.ts","statementMap":{"0":{"start":{"line":3,"column":32},"end":{"line":9,"column":null}}},"fnMap":{},"branchMap":{},"s":{"0":0},"f":{},"b":{},"meta":{"lastBranch":0,"lastFunction":0,"lastStatement":1,"seen":{"s:3:32:9:Infinity":0}}}
,"D:\\Project\\Sentinel\\Back-End\\src\\validations\\metering\\energy.validation.ts": {"path":"D:\\Project\\Sentinel\\Back-End\\src\\validations\\metering\\energy.validation.ts","statementMap":{"0":{"start":{"line":5,"column":36},"end":{"line":8,"column":null}},"1":{"start":{"line":10,"column":25},"end":{"line":14,"column":null}},"2":{"start":{"line":16,"column":32},"end":{"line":19,"column":null}},"3":{"start":{"line":21,"column":27},"end":{"line":25,"column":null}}},"fnMap":{},"branchMap":{},"s":{"0":0,"1":0,"2":0,"3":0},"f":{},"b":{},"meta":{"lastBranch":0,"lastFunction":0,"lastStatement":4,"seen":{"s:5:36:8:Infinity":0,"s:10:25:14:Infinity":1,"s:16:32:19:Infinity":2,"s:21:27:25:Infinity":3}}}
,"D:\\Project\\Sentinel\\Back-End\\src\\validations\\metering\\meter.validation.ts": {"path":"D:\\Project\\Sentinel\\Back-End\\src\\validations\\metering\\meter.validation.ts","statementMap":{"0":{"start":{"line":11,"column":26},"end":{"line":13,"column":null}},"1":{"start":{"line":15,"column":24},"end":{"line":24,"column":null}},"2":{"start":{"line":26,"column":27},"end":{"line":29,"column":null}},"3":{"start":{"line":31,"column":26},"end":{"line":36,"column":null}}},"fnMap":{},"branchMap":{},"s":{"0":0,"1":0,"2":0,"3":0},"f":{},"b":{},"meta":{"lastBranch":0,"lastFunction":0,"lastStatement":4,"seen":{"s:11:26:13:Infinity":0,"s:15:24:24:Infinity":1,"s:26:27:29:Infinity":2,"s:31:26:36:Infinity":3}}}
,"D:\\Project\\Sentinel\\Back-End\\src\\validations\\metering\\meterCategory.validation.ts": {"path":"D:\\Project\\Sentinel\\Back-End\\src\\validations\\metering\\meterCategory.validation.ts","statementMap":{"0":{"start":{"line":5,"column":34},"end":{"line":7,"column":null}},"1":{"start":{"line":9,"column":26},"end":{"line":11,"column":null}},"2":{"start":{"line":13,"column":35},"end":{"line":16,"column":null}},"3":{"start":{"line":18,"column":34},"end":{"line":18,"column":null}}},"fnMap":{},"branchMap":{},"s":{"0":0,"1":0,"2":0,"3":0},"f":{},"b":{},"meta":{"lastBranch":0,"lastFunction":0,"lastStatement":4,"seen":{"s:5:34:7:Infinity":0,"s:9:26:11:Infinity":1,"s:13:35:16:Infinity":2,"s:18:34:18:Infinity":3}}}
,"D:\\Project\\Sentinel\\Back-End\\src\\validations\\metering\\reading.validation.ts": {"path":"D:\\Project\\Sentinel\\Back-End\\src\\validations\\metering\\reading.validation.ts","statementMap":{"0":{"start":{"line":6,"column":23},"end":{"line":6,"column":null}},"1":{"start":{"line":8,"column":25},"end":{"line":12,"column":null}},"2":{"start":{"line":14,"column":40},"end":{"line":26,"column":null}},"3":{"start":{"line":28,"column":42},"end":{"line":30,"column":null}},"4":{"start":{"line":32,"column":37},"end":{"line":35,"column":null}},"5":{"start":{"line":37,"column":33},"end":{"line":44,"column":null}},"6":{"start":{"line":46,"column":32},"end":{"line":52,"column":null}},"7":{"start":{"line":54,"column":37},"end":{"line":60,"column":null}}},"fnMap":{},"branchMap":{},"s":{"0":0,"1":0,"2":0,"3":0,"4":0,"5":0,"6":0,"7":0},"f":{},"b":{},"meta":{"lastBranch":0,"lastFunction":0,"lastStatement":8,"seen":{"s:6:23:6:Infinity":0,"s:8:25:12:Infinity":1,"s:14:40:26:Infinity":2,"s:28:42:30:Infinity":3,"s:32:37:35:Infinity":4,"s:37:33:44:Infinity":5,"s:46:32:52:Infinity":6,"s:54:37:60:Infinity":7}}}
,"D:\\Project\\Sentinel\\Back-End\\src\\validations\\metering\\readingType.validation.ts": {"path":"D:\\Project\\Sentinel\\Back-End\\src\\validations\\metering\\readingType.validation.ts","statementMap":{"0":{"start":{"line":5,"column":37},"end":{"line":9,"column":null}},"1":{"start":{"line":10,"column":32},"end":{"line":12,"column":null}},"2":{"start":{"line":14,"column":33},"end":{"line":17,"column":null}},"3":{"start":{"line":19,"column":31},"end":{"line":24,"column":null}}},"fnMap":{},"branchMap":{},"s":{"0":0,"1":0,"2":0,"3":0},"f":{},"b":{},"meta":{"lastBranch":0,"lastFunction":0,"lastStatement":4,"seen":{"s:5:37:9:Infinity":0,"s:10:32:12:Infinity":1,"s:14:33:17:Infinity":2,"s:19:31:24:Infinity":3}}}
,"D:\\Project\\Sentinel\\Back-End\\src\\validations\\notifications\\alert.validation.ts": {"path":"D:\\Project\\Sentinel\\Back-End\\src\\validations\\notifications\\alert.validation.ts","statementMap":{"0":{"start":{"line":5,"column":31},"end":{"line":16,"column":null}},"1":{"start":{"line":18,"column":34},"end":{"line":22,"column":null}},"2":{"start":{"line":24,"column":27},"end":{"line":24,"column":null}},"3":{"start":{"line":26,"column":37},"end":{"line":32,"column":null}},"4":{"start":{"line":34,"column":39},"end":{"line":38,"column":null}},"5":{"start":{"line":40,"column":38},"end":{"line":44,"column":null}},"6":{"start":{"line":46,"column":38},"end":{"line":50,"column":null}}},"fnMap":{},"branchMap":{},"s":{"0":0,"1":0,"2":0,"3":0,"4":0,"5":0,"6":0},"f":{},"b":{},"meta":{"lastBranch":0,"lastFunction":0,"lastStatement":7,"seen":{"s:5:31:16:Infinity":0,"s:18:34:22:Infinity":1,"s:24:27:24:Infinity":2,"s:26:37:32:Infinity":3,"s:34:39:38:Infinity":4,"s:40:38:44:Infinity":5,"s:46:38:50:Infinity":6}}}
,"D:\\Project\\Sentinel\\Back-End\\src\\validations\\notifications\\notification.validation.ts": {"path":"D:\\Project\\Sentinel\\Back-End\\src\\validations\\notifications\\notification.validation.ts","statementMap":{"0":{"start":{"line":4,"column":38},"end":{"line":15,"column":null}},"1":{"start":{"line":10,"column":18},"end":{"line":10,"column":null}},"2":{"start":{"line":17,"column":32},"end":{"line":21,"column":null}},"3":{"start":{"line":23,"column":27},"end":{"line":23,"column":null}},"4":{"start":{"line":25,"column":45},"end":{"line":31,"column":null}},"5":{"start":{"line":34,"column":40},"end":{"line":42,"column":null}}},"fnMap":{"0":{"name":"(anonymous_0)","decl":{"start":{"line":10,"column":8},"end":{"line":10,"column":9}},"loc":{"start":{"line":10,"column":18},"end":{"line":10,"column":null}},"line":10}},"branchMap":{"0":{"loc":{"start":{"line":10,"column":18},"end":{"line":10,"column":null}},"type":"cond-expr","locations":[{"start":{"line":10,"column":35},"end":{"line":10,"column":42}},{"start":{"line":10,"column":42},"end":{"line":10,"column":null}}],"line":10},"1":{"loc":{"start":{"line":10,"column":42},"end":{"line":10,"column":null}},"type":"cond-expr","locations":[{"start":{"line":10,"column":60},"end":{"line":10,"column":68}},{"start":{"line":10,"column":68},"end":{"line":10,"column":null}}],"line":10}},"s":{"0":0,"1":0,"2":0,"3":0,"4":0,"5":0},"f":{"0":0},"b":{"0":[0,0],"1":[0,0]},"meta":{"lastBranch":2,"lastFunction":1,"lastStatement":6,"seen":{"s:4:38:15:Infinity":0,"f:10:8:10:9":0,"s:10:18:10:Infinity":1,"b:10:35:10:42:10:42:10:Infinity":0,"b:10:60:10:68:10:68:10:Infinity":1,"s:17:32:21:Infinity":2,"s:23:27:23:Infinity":3,"s:25:45:31:Infinity":4,"s:34:40:42:Infinity":5}}}
,"D:\\Project\\Sentinel\\Back-End\\src\\validations\\operations\\dailyLogbook.validation.ts": {"path":"D:\\Project\\Sentinel\\Back-End\\src\\validations\\operations\\dailyLogbook.validation.ts","statementMap":{"0":{"start":{"line":4,"column":33},"end":{"line":12,"column":null}},"1":{"start":{"line":14,"column":36},"end":{"line":18,"column":null}},"2":{"start":{"line":20,"column":37},"end":{"line":24,"column":null}},"3":{"start":{"line":26,"column":35},"end":{"line":33,"column":null}},"4":{"start":{"line":35,"column":35},"end":{"line":39,"column":null}}},"fnMap":{},"branchMap":{},"s":{"0":0,"1":0,"2":0,"3":0,"4":0},"f":{},"b":{},"meta":{"lastBranch":0,"lastFunction":0,"lastStatement":5,"seen":{"s:4:33:12:Infinity":0,"s:14:36:18:Infinity":1,"s:20:37:24:Infinity":2,"s:26:35:33:Infinity":3,"s:35:35:39:Infinity":4}}}
,"D:\\Project\\Sentinel\\Back-End\\src\\validations\\operations\\paxData.validation.ts": {"path":"D:\\Project\\Sentinel\\Back-End\\src\\validations\\operations\\paxData.validation.ts","statementMap":{"0":{"start":{"line":5,"column":22},"end":{"line":8,"column":null}},"1":{"start":{"line":10,"column":22},"end":{"line":12,"column":null}},"2":{"start":{"line":14,"column":25},"end":{"line":17,"column":null}}},"fnMap":{},"branchMap":{},"s":{"0":0,"1":0,"2":0},"f":{},"b":{},"meta":{"lastBranch":0,"lastFunction":0,"lastStatement":3,"seen":{"s:5:22:8:Infinity":0,"s:10:22:12:Infinity":1,"s:14:25:17:Infinity":2}}}
,"D:\\Project\\Sentinel\\Back-End\\src\\validations\\reports\\analysis.validation.ts": {"path":"D:\\Project\\Sentinel\\Back-End\\src\\validations\\reports\\analysis.validation.ts","statementMap":{"0":{"start":{"line":3,"column":33},"end":{"line":9,"column":null}},"1":{"start":{"line":11,"column":36},"end":{"line":16,"column":null}},"2":{"start":{"line":18,"column":35},"end":{"line":24,"column":null}},"3":{"start":{"line":26,"column":38},"end":{"line":31,"column":null}},"4":{"start":{"line":33,"column":48},"end":{"line":37,"column":null}},"5":{"start":{"line":39,"column":44},"end":{"line":43,"column":null}},"6":{"start":{"line":45,"column":39},"end":{"line":49,"column":null}},"7":{"start":{"line":51,"column":43},"end":{"line":55,"column":null}},"8":{"start":{"line":57,"column":35},"end":{"line":72,"column":null}},"9":{"start":{"line":74,"column":45},"end":{"line":85,"column":null}},"10":{"start":{"line":79,"column":20},"end":{"line":79,"column":null}},"11":{"start":{"line":82,"column":20},"end":{"line":82,"column":null}},"12":{"start":{"line":87,"column":35},"end":{"line":91,"column":null}},"13":{"start":{"line":93,"column":34},"end":{"line":100,"column":null}},"14":{"start":{"line":102,"column":38},"end":{"line":111,"column":null}}},"fnMap":{"0":{"name":"(anonymous_0)","decl":{"start":{"line":79,"column":13},"end":{"line":79,"column":20}},"loc":{"start":{"line":79,"column":20},"end":{"line":79,"column":null}},"line":79},"1":{"name":"(anonymous_1)","decl":{"start":{"line":82,"column":13},"end":{"line":82,"column":20}},"loc":{"start":{"line":82,"column":20},"end":{"line":82,"column":null}},"line":82}},"branchMap":{},"s":{"0":0,"1":0,"2":0,"3":0,"4":0,"5":0,"6":0,"7":0,"8":0,"9":0,"10":0,"11":0,"12":0,"13":0,"14":0},"f":{"0":0,"1":0},"b":{},"meta":{"lastBranch":0,"lastFunction":2,"lastStatement":15,"seen":{"s:3:33:9:Infinity":0,"s:11:36:16:Infinity":1,"s:18:35:24:Infinity":2,"s:26:38:31:Infinity":3,"s:33:48:37:Infinity":4,"s:39:44:43:Infinity":5,"s:45:39:49:Infinity":6,"s:51:43:55:Infinity":7,"s:57:35:72:Infinity":8,"s:74:45:85:Infinity":9,"f:79:13:79:20":0,"s:79:20:79:Infinity":10,"f:82:13:82:20":1,"s:82:20:82:Infinity":11,"s:87:35:91:Infinity":12,"s:93:34:100:Infinity":13,"s:102:38:111:Infinity":14}}}
,"D:\\Project\\Sentinel\\Back-End\\src\\validations\\reports\\dailySummary.validation.ts": {"path":"D:\\Project\\Sentinel\\Back-End\\src\\validations\\reports\\dailySummary.validation.ts","statementMap":{"0":{"start":{"line":5,"column":22},"end":{"line":10,"column":null}},"1":{"start":{"line":12,"column":22},"end":{"line":14,"column":null}},"2":{"start":{"line":16,"column":29},"end":{"line":19,"column":null}},"3":{"start":{"line":21,"column":34},"end":{"line":27,"column":null}},"4":{"start":{"line":29,"column":38},"end":{"line":43,"column":null}},"5":{"start":{"line":45,"column":27},"end":{"line":45,"column":null}}},"fnMap":{},"branchMap":{},"s":{"0":0,"1":0,"2":0,"3":0,"4":0,"5":0},"f":{},"b":{},"meta":{"lastBranch":0,"lastFunction":0,"lastStatement":6,"seen":{"s:5:22:10:Infinity":0,"s:12:22:14:Infinity":1,"s:16:29:19:Infinity":2,"s:21:34:27:Infinity":3,"s:29:38:43:Infinity":4,"s:45:27:45:Infinity":5}}}
,"D:\\Project\\Sentinel\\Back-End\\src\\validations\\reports\\recap.validation.ts": {"path":"D:\\Project\\Sentinel\\Back-End\\src\\validations\\reports\\recap.validation.ts","statementMap":{"0":{"start":{"line":6,"column":30},"end":{"line":15,"column":null}},"1":{"start":{"line":17,"column":38},"end":{"line":23,"column":null}}},"fnMap":{},"branchMap":{},"s":{"0":0,"1":0},"f":{},"b":{},"meta":{"lastBranch":0,"lastFunction":0,"lastStatement":2,"seen":{"s:6:30:15:Infinity":0,"s:17:38:23:Infinity":1}}}
,"D:\\Project\\Sentinel\\Back-End\\src\\validations\\reports\\summaryDetail.validation.ts": {"path":"D:\\Project\\Sentinel\\Back-End\\src\\validations\\reports\\summaryDetail.validation.ts","statementMap":{"0":{"start":{"line":5,"column":22},"end":{"line":9,"column":null}},"1":{"start":{"line":11,"column":15},"end":{"line":13,"column":null}},"2":{"start":{"line":15,"column":35},"end":{"line":18,"column":null}},"3":{"start":{"line":20,"column":34},"end":{"line":29,"column":null}},"4":{"start":{"line":32,"column":27},"end":{"line":32,"column":null}}},"fnMap":{},"branchMap":{},"s":{"0":0,"1":0,"2":0,"3":0,"4":0},"f":{},"b":{},"meta":{"lastBranch":0,"lastFunction":0,"lastStatement":5,"seen":{"s:5:22:9:Infinity":0,"s:11:15:13:Infinity":1,"s:15:35:18:Infinity":2,"s:20:34:29:Infinity":3,"s:32:27:32:Infinity":4}}}
,"D:\\Project\\Sentinel\\Back-End\\src\\validations\\reports\\visualizations.validation.ts": {"path":"D:\\Project\\Sentinel\\Back-End\\src\\validations\\reports\\visualizations.validation.ts","statementMap":{"0":{"start":{"line":3,"column":37},"end":{"line":16,"column":null}},"1":{"start":{"line":17,"column":35},"end":{"line":22,"column":null}},"2":{"start":{"line":24,"column":42},"end":{"line":36,"column":null}},"3":{"start":{"line":38,"column":40},"end":{"line":47,"column":null}},"4":{"start":{"line":49,"column":40},"end":{"line":58,"column":null}},"5":{"start":{"line":60,"column":39},"end":{"line":69,"column":null}},"6":{"start":{"line":71,"column":42},"end":{"line":80,"column":null}},"7":{"start":{"line":82,"column":42},"end":{"line":97,"column":null}}},"fnMap":{},"branchMap":{},"s":{"0":0,"1":0,"2":0,"3":0,"4":0,"5":0,"6":0,"7":0},"f":{},"b":{},"meta":{"lastBranch":0,"lastFunction":0,"lastStatement":8,"seen":{"s:3:37:16:Infinity":0,"s:17:35:22:Infinity":1,"s:24:42:36:Infinity":2,"s:38:40:47:Infinity":3,"s:49:40:58:Infinity":4,"s:60:39:69:Infinity":5,"s:71:42:80:Infinity":6,"s:82:42:97:Infinity":7}}}
}
